#
# There is insufficient memory for the Java Runtime Environment to continue.
# Native memory allocation (malloc) failed to allocate 1137136 bytes for Chunk::new
# Possible reasons:
#   The system is out of physical RAM or swap space
#   In 32 bit mode, the process size limit was hit
# Possible solutions:
#   Reduce memory load on the system
#   Increase physical memory or swap space
#   Check if swap backing store is full
#   Use 64 bit Java on a 64 bit OS
#   Decrease Java heap size (-Xmx/-Xms)
#   Decrease number of Java threads
#   Decrease Java thread stack sizes (-Xss)
#   Set larger code cache with -XX:ReservedCodeCacheSize=
# This output file may be truncated or incomplete.
#
#  Out of Memory Error (allocation.cpp:390), pid=287192, tid=0x0000000000044168
#
# JRE version: Java(TM) SE Runtime Environment (8.0_144-b01) (build 1.8.0_144-b01)
# Java VM: Java HotSpot(TM) 64-Bit Server VM (25.144-b01 mixed mode windows-amd64 compressed oops)
# Failed to write core dump. Minidumps are not enabled by default on client versions of Windows
#

---------------  T H R E A D  ---------------

Current thread (0x0000000054ea4800):  JavaThread "C2 CompilerThread0" daemon [_thread_in_native, id=278888, stack(0x00000000566c0000,0x00000000567c0000)]

Stack: [0x00000000566c0000,0x00000000567c0000]
[error occurred during error reporting (printing stack bounds), id 0xc0000005]

Native frames: (J=compiled Java code, j=interpreted, Vv=VM code, C=native code)


Current CompileTask:
C2:  30475 3774       4       java.lang.Class::getMethod0 (40 bytes)


---------------  P R O C E S S  ---------------

Java Threads: ( => current thread )
  0x0000000057fc1000 JavaThread "Abandoned connection cleanup thread" daemon [_thread_blocked, id=316732, stack(0x000000005d540000,0x000000005d640000)]
  0x0000000057fc0800 JavaThread "Tomcat JDBC Pool Cleaner[414493378:1554904999957]" daemon [_thread_blocked, id=267740, stack(0x000000005d3c0000,0x000000005d4c0000)]
  0x0000000058313800 JavaThread "container-0" [_thread_blocked, id=306744, stack(0x000000005ceb0000,0x000000005cfb0000)]
  0x0000000057edc000 JavaThread "ContainerBackgroundProcessor[StandardEngine[Tomcat]]" daemon [_thread_blocked, id=339268, stack(0x000000005cfe0000,0x000000005d0e0000)]
  0x00000000592a8000 JavaThread "localhost-startStop-1" daemon [_thread_blocked, id=301596, stack(0x000000005ba60000,0x000000005bb60000)]
  0x000000005bcb8000 JavaThread "Tomcat-startStop-1" daemon [_thread_blocked, id=309036, stack(0x00000000589e0000,0x0000000058ae0000)]
  0x00000000569b1800 JavaThread "Service Thread" daemon [_thread_blocked, id=266460, stack(0x0000000056dc0000,0x0000000056ec0000)]
  0x0000000054ea6800 JavaThread "C1 CompilerThread1" daemon [_thread_blocked, id=281508, stack(0x0000000056880000,0x0000000056980000)]
=>0x0000000054ea4800 JavaThread "C2 CompilerThread0" daemon [_thread_in_native, id=278888, stack(0x00000000566c0000,0x00000000567c0000)]
  0x0000000054e98800 JavaThread "JDWP Command Reader" daemon [_thread_in_native, id=276484, stack(0x00000000562b0000,0x00000000563b0000)]
  0x0000000054e93800 JavaThread "JDWP Event Helper Thread" daemon [_thread_blocked, id=280572, stack(0x00000000564e0000,0x00000000565e0000)]
  0x0000000054e86000 JavaThread "JDWP Transport Listener: dt_socket" daemon [_thread_blocked, id=277908, stack(0x0000000056010000,0x0000000056110000)]
  0x0000000054e7e000 JavaThread "Attach Listener" daemon [_thread_blocked, id=271968, stack(0x0000000055f00000,0x0000000056000000)]
  0x0000000054e7d000 JavaThread "Signal Dispatcher" daemon [_thread_blocked, id=324204, stack(0x0000000055ce0000,0x0000000055de0000)]
  0x0000000054e61800 JavaThread "Finalizer" daemon [_thread_blocked, id=272712, stack(0x0000000055a10000,0x0000000055b10000)]
  0x0000000054e1a000 JavaThread "Reference Handler" daemon [_thread_blocked, id=270280, stack(0x00000000557a0000,0x00000000558a0000)]
  0x00000000021b2000 JavaThread "main" [_thread_in_vm, id=273232, stack(0x0000000002500000,0x0000000002600000)]

Other Threads:
  0x0000000054e10800 VMThread [stack: 0x00000000558d0000,0x00000000559d0000] [id=275360]
  0x00000000569e4800 WatcherThread [stack: 0x0000000056ef0000,0x0000000056ff0000] [id=295336]

VM state:not at safepoint (normal execution)

VM Mutex/Monitor currently owned by a thread: None

Heap:
 PSYoungGen      total 156672K, used 46528K [0x00000000eab00000, 0x00000000f6c80000, 0x0000000100000000)
  eden space 146432K, 31% used [0x00000000eab00000,0x00000000ed8701b8,0x00000000f3a00000)
  from space 10240K, 0% used [0x00000000f4480000,0x00000000f4480000,0x00000000f4e80000)
  to   space 10752K, 0% used [0x00000000f3a00000,0x00000000f3a00000,0x00000000f4480000)
 ParOldGen       total 59392K, used 21512K [0x00000000c0000000, 0x00000000c3a00000, 0x00000000eab00000)
  object space 59392K, 36% used [0x00000000c0000000,0x00000000c1502138,0x00000000c3a00000)
 Metaspace       used 39484K, capacity 39762K, committed 40104K, reserved 1083392K
  class space    used 5092K, capacity 5180K, committed 5288K, reserved 1048576K

Card table byte_map: [0x0000000011c90000,0x0000000011ea0000] byte_map_base: 0x0000000011690000

Marking Bits: (ParMarkBitMap*) 0x0000000068c5d850
 Begin Bits: [0x00000000122e0000, 0x00000000132e0000)
 End Bits:   [0x00000000132e0000, 0x00000000142e0000)

Polling page: 0x0000000000420000

CodeCache: size=245760Kb used=12615Kb max_used=12615Kb free=233144Kb
 bounds [0x00000000028d0000, 0x0000000003540000, 0x00000000118d0000]
 total_blobs=3765 nmethods=3275 adapters=411
 compilation: enabled

Compilation events (10 events):
Event: 30.315 Thread 0x0000000054ea4800 nmethod 3767 0x0000000003523ed0 code [0x0000000003524080, 0x0000000003524628]
Event: 30.315 Thread 0x0000000054ea4800 3771       4       java.util.Arrays::equals (78 bytes)
Event: 30.319 Thread 0x0000000054ea4800 nmethod 3771 0x0000000003523a90 code [0x0000000003523be0, 0x0000000003523d78]
Event: 30.319 Thread 0x0000000054ea6800 3772       3       sun.misc.ProxyGenerator$MethodInfo::write (283 bytes)
Event: 30.323 Thread 0x0000000054ea6800 nmethod 3772 0x000000000352ae90 code [0x000000000352b520, 0x0000000003530308]
Event: 30.324 Thread 0x0000000054ea6800 3773       3       org.springframework.util.ConcurrentReferenceHashMap::<init> (152 bytes)
Event: 30.325 Thread 0x0000000054ea6800 nmethod 3773 0x00000000035293d0 code [0x0000000003529660, 0x000000000352a538]
Event: 30.329 Thread 0x0000000054ea4800 3774       4       java.lang.Class::getMethod0 (40 bytes)
Event: 30.336 Thread 0x0000000054ea6800 3777       3       sun.reflect.annotation.AnnotationParser::contains (36 bytes)
Event: 30.336 Thread 0x0000000054ea6800 nmethod 3777 0x0000000003522590 code [0x0000000003522700, 0x0000000003522950]

GC Heap History (10 events):
Event: 15.767 GC heap before
{Heap before GC invocations=8 (full 1):
 PSYoungGen      total 72704K, used 7156K [0x00000000eab00000, 0x00000000f3c00000, 0x0000000100000000)
  eden space 65536K, 0% used [0x00000000eab00000,0x00000000eab00000,0x00000000eeb00000)
  from space 7168K, 99% used [0x00000000eeb00000,0x00000000ef1fd100,0x00000000ef200000)
  to   space 8704K, 0% used [0x00000000f3380000,0x00000000f3380000,0x00000000f3c00000)
 ParOldGen       total 44032K, used 14747K [0x00000000c0000000, 0x00000000c2b00000, 0x00000000eab00000)
  object space 44032K, 33% used [0x00000000c0000000,0x00000000c0e66ce0,0x00000000c2b00000)
 Metaspace       used 20931K, capacity 21152K, committed 21296K, reserved 1069056K
  class space    used 2584K, capacity 2665K, committed 2688K, reserved 1048576K
Event: 15.867 GC heap after
Heap after GC invocations=8 (full 1):
 PSYoungGen      total 72704K, used 0K [0x00000000eab00000, 0x00000000f3c00000, 0x0000000100000000)
  eden space 65536K, 0% used [0x00000000eab00000,0x00000000eab00000,0x00000000eeb00000)
  from space 7168K, 0% used [0x00000000eeb00000,0x00000000eeb00000,0x00000000ef200000)
  to   space 8704K, 0% used [0x00000000f3380000,0x00000000f3380000,0x00000000f3c00000)
 ParOldGen       total 40960K, used 14573K [0x00000000c0000000, 0x00000000c2800000, 0x00000000eab00000)
  object space 40960K, 35% used [0x00000000c0000000,0x00000000c0e3b678,0x00000000c2800000)
 Metaspace       used 20931K, capacity 21152K, committed 21296K, reserved 1069056K
  class space    used 2584K, capacity 2665K, committed 2688K, reserved 1048576K
}
Event: 21.694 GC heap before
{Heap before GC invocations=9 (full 1):
 PSYoungGen      total 72704K, used 65504K [0x00000000eab00000, 0x00000000f3c00000, 0x0000000100000000)
  eden space 65536K, 99% used [0x00000000eab00000,0x00000000eeaf83a0,0x00000000eeb00000)
  from space 7168K, 0% used [0x00000000eeb00000,0x00000000eeb00000,0x00000000ef200000)
  to   space 8704K, 0% used [0x00000000f3380000,0x00000000f3380000,0x00000000f3c00000)
 ParOldGen       total 40960K, used 14573K [0x00000000c0000000, 0x00000000c2800000, 0x00000000eab00000)
  object space 40960K, 35% used [0x00000000c0000000,0x00000000c0e3b678,0x00000000c2800000)
 Metaspace       used 25025K, capacity 25308K, committed 25600K, reserved 1071104K
  class space    used 3145K, capacity 3251K, committed 3328K, reserved 1048576K
Event: 21.714 GC heap after
Heap after GC invocations=9 (full 1):
 PSYoungGen      total 113152K, used 5969K [0x00000000eab00000, 0x00000000f3980000, 0x0000000100000000)
  eden space 107008K, 0% used [0x00000000eab00000,0x00000000eab00000,0x00000000f1380000)
  from space 6144K, 97% used [0x00000000f3380000,0x00000000f39545c8,0x00000000f3980000)
  to   space 8704K, 0% used [0x00000000f2880000,0x00000000f2880000,0x00000000f3100000)
 ParOldGen       total 40960K, used 14581K [0x00000000c0000000, 0x00000000c2800000, 0x00000000eab00000)
  object space 40960K, 35% used [0x00000000c0000000,0x00000000c0e3d678,0x00000000c2800000)
 Metaspace       used 25025K, capacity 25308K, committed 25600K, reserved 1071104K
  class space    used 3145K, capacity 3251K, committed 3328K, reserved 1048576K
}
Event: 25.115 GC heap before
{Heap before GC invocations=10 (full 1):
 PSYoungGen      total 113152K, used 112977K [0x00000000eab00000, 0x00000000f3980000, 0x0000000100000000)
  eden space 107008K, 100% used [0x00000000eab00000,0x00000000f1380000,0x00000000f1380000)
  from space 6144K, 97% used [0x00000000f3380000,0x00000000f39545c8,0x00000000f3980000)
  to   space 8704K, 0% used [0x00000000f2880000,0x00000000f2880000,0x00000000f3100000)
 ParOldGen       total 40960K, used 14581K [0x00000000c0000000, 0x00000000c2800000, 0x00000000eab00000)
  object space 40960K, 35% used [0x00000000c0000000,0x00000000c0e3d678,0x00000000c2800000)
 Metaspace       used 30014K, capacity 30298K, committed 30592K, reserved 1075200K
  class space    used 3778K, capacity 3864K, committed 3968K, reserved 1048576K
Event: 25.143 GC heap after
Heap after GC invocations=10 (full 1):
 PSYoungGen      total 137216K, used 8696K [0x00000000eab00000, 0x00000000f4e80000, 0x0000000100000000)
  eden space 128512K, 0% used [0x00000000eab00000,0x00000000eab00000,0x00000000f2880000)
  from space 8704K, 99% used [0x00000000f2880000,0x00000000f30fe3f8,0x00000000f3100000)
  to   space 10240K, 0% used [0x00000000f4480000,0x00000000f4480000,0x00000000f4e80000)
 ParOldGen       total 40960K, used 15935K [0x00000000c0000000, 0x00000000c2800000, 0x00000000eab00000)
  object space 40960K, 38% used [0x00000000c0000000,0x00000000c0f8fd68,0x00000000c2800000)
 Metaspace       used 30014K, capacity 30298K, committed 30592K, reserved 1075200K
  class space    used 3778K, capacity 3864K, committed 3968K, reserved 1048576K
}
Event: 28.134 GC heap before
{Heap before GC invocations=11 (full 1):
 PSYoungGen      total 137216K, used 43365K [0x00000000eab00000, 0x00000000f4e80000, 0x0000000100000000)
  eden space 128512K, 26% used [0x00000000eab00000,0x00000000eccdb028,0x00000000f2880000)
  from space 8704K, 99% used [0x00000000f2880000,0x00000000f30fe3f8,0x00000000f3100000)
  to   space 10240K, 0% used [0x00000000f4480000,0x00000000f4480000,0x00000000f4e80000)
 ParOldGen       total 40960K, used 15935K [0x00000000c0000000, 0x00000000c2800000, 0x00000000eab00000)
  object space 40960K, 38% used [0x00000000c0000000,0x00000000c0f8fd68,0x00000000c2800000)
 Metaspace       used 34975K, capacity 35244K, committed 35496K, reserved 1081344K
  class space    used 4428K, capacity 4507K, committed 4520K, reserved 1048576K
Event: 28.165 GC heap after
Heap after GC invocations=11 (full 1):
 PSYoungGen      total 156672K, used 9259K [0x00000000eab00000, 0x00000000f6c80000, 0x0000000100000000)
  eden space 146432K, 0% used [0x00000000eab00000,0x00000000eab00000,0x00000000f3a00000)
  from space 10240K, 90% used [0x00000000f4480000,0x00000000f4d8aca0,0x00000000f4e80000)
  to   space 10752K, 0% used [0x00000000f3a00000,0x00000000f3a00000,0x00000000f4480000)
 ParOldGen       total 40960K, used 18595K [0x00000000c0000000, 0x00000000c2800000, 0x00000000eab00000)
  object space 40960K, 45% used [0x00000000c0000000,0x00000000c1228d98,0x00000000c2800000)
 Metaspace       used 34975K, capacity 35244K, committed 35496K, reserved 1081344K
  class space    used 4428K, capacity 4507K, committed 4520K, reserved 1048576K
}
Event: 28.165 GC heap before
{Heap before GC invocations=12 (full 2):
 PSYoungGen      total 156672K, used 9259K [0x00000000eab00000, 0x00000000f6c80000, 0x0000000100000000)
  eden space 146432K, 0% used [0x00000000eab00000,0x00000000eab00000,0x00000000f3a00000)
  from space 10240K, 90% used [0x00000000f4480000,0x00000000f4d8aca0,0x00000000f4e80000)
  to   space 10752K, 0% used [0x00000000f3a00000,0x00000000f3a00000,0x00000000f4480000)
 ParOldGen       total 40960K, used 18595K [0x00000000c0000000, 0x00000000c2800000, 0x00000000eab00000)
  object space 40960K, 45% used [0x00000000c0000000,0x00000000c1228d98,0x00000000c2800000)
 Metaspace       used 34975K, capacity 35244K, committed 35496K, reserved 1081344K
  class space    used 4428K, capacity 4507K, committed 4520K, reserved 1048576K
Event: 28.368 GC heap after
Heap after GC invocations=12 (full 2):
 PSYoungGen      total 156672K, used 0K [0x00000000eab00000, 0x00000000f6c80000, 0x0000000100000000)
  eden space 146432K, 0% used [0x00000000eab00000,0x00000000eab00000,0x00000000f3a00000)
  from space 10240K, 0% used [0x00000000f4480000,0x00000000f4480000,0x00000000f4e80000)
  to   space 10752K, 0% used [0x00000000f3a00000,0x00000000f3a00000,0x00000000f4480000)
 ParOldGen       total 59392K, used 21512K [0x00000000c0000000, 0x00000000c3a00000, 0x00000000eab00000)
  object space 59392K, 36% used [0x00000000c0000000,0x00000000c1502138,0x00000000c3a00000)
 Metaspace       used 34975K, capacity 35244K, committed 35496K, reserved 1081344K
  class space    used 4428K, capacity 4507K, committed 4520K, reserved 1048576K
}

Deoptimization events (10 events):
Event: 30.341 Thread 0x00000000021b2000 Uncommon trap: reason=range_check action=none pc=0x0000000002ae3f4c method=sun.reflect.generics.parser.SignatureParser.current()C @ 34
Event: 30.341 Thread 0x00000000021b2000 Uncommon trap: reason=range_check action=none pc=0x0000000002ae3f4c method=sun.reflect.generics.parser.SignatureParser.current()C @ 34
Event: 30.341 Thread 0x00000000021b2000 Uncommon trap: reason=range_check action=none pc=0x0000000002ae3f4c method=sun.reflect.generics.parser.SignatureParser.current()C @ 34
Event: 30.341 Thread 0x00000000021b2000 Uncommon trap: reason=unhandled action=none pc=0x000000000313d4fc method=java.net.URLClassLoader.findClass(Ljava/lang/String;)Ljava/lang/Class; @ 44
Event: 30.342 Thread 0x00000000021b2000 Uncommon trap: reason=range_check action=none pc=0x0000000002ae3f4c method=sun.reflect.generics.parser.SignatureParser.current()C @ 34
Event: 30.342 Thread 0x00000000021b2000 Uncommon trap: reason=range_check action=none pc=0x0000000002ae3f4c method=sun.reflect.generics.parser.SignatureParser.current()C @ 34
Event: 30.343 Thread 0x00000000021b2000 Uncommon trap: reason=range_check action=none pc=0x0000000002ae3f4c method=sun.reflect.generics.parser.SignatureParser.current()C @ 34
Event: 30.343 Thread 0x00000000021b2000 Uncommon trap: reason=range_check action=none pc=0x0000000002ae3f4c method=sun.reflect.generics.parser.SignatureParser.current()C @ 34
Event: 30.343 Thread 0x00000000021b2000 Uncommon trap: reason=range_check action=none pc=0x0000000002ae3f4c method=sun.reflect.generics.parser.SignatureParser.current()C @ 34
Event: 30.343 Thread 0x00000000021b2000 Uncommon trap: reason=range_check action=none pc=0x0000000002ae3f4c method=sun.reflect.generics.parser.SignatureParser.current()C @ 34

Internal exceptions (10 events):
Event: 30.339 Thread 0x00000000021b2000 Exception <a 'java/lang/ClassNotFoundException': java/lang/ObjectCustomizer> (0x00000000ed60a308) thrown at [C:\re\workspace\8-2-build-windows-amd64-cygwin\jdk8u144\9417\hotspot\src\share\vm\classfile\systemDictionary.cpp, line 210]
Event: 30.340 Thread 0x00000000021b2000 Exception <a 'java/lang/ClassNotFoundException': org/springframework/data/repository/core/support/RepositoryFactoryBeanSupportCustomizer> (0x00000000ed622c00) thrown at [C:\re\workspace\8-2-build-windows-amd64-cygwin\jdk8u144\9417\hotspot\src\share\vm\cla
Event: 30.341 Thread 0x00000000021b2000 Exception <a 'java/lang/ArrayIndexOutOfBoundsException': 5> (0x00000000ed624e30) thrown at [C:\re\workspace\8-2-build-windows-amd64-cygwin\jdk8u144\9417\hotspot\src\share\vm\interpreter\interpreterRuntime.cpp, line 366]
Event: 30.341 Thread 0x00000000021b2000 Exception <a 'java/lang/ArrayIndexOutOfBoundsException': 25> (0x00000000ed627278) thrown at [C:\re\workspace\8-2-build-windows-amd64-cygwin\jdk8u144\9417\hotspot\src\share\vm\interpreter\interpreterRuntime.cpp, line 366]
Event: 30.341 Thread 0x00000000021b2000 Exception <a 'java/lang/ArrayIndexOutOfBoundsException': 75> (0x00000000ed62b0d8) thrown at [C:\re\workspace\8-2-build-windows-amd64-cygwin\jdk8u144\9417\hotspot\src\share\vm\interpreter\interpreterRuntime.cpp, line 366]
Event: 30.342 Thread 0x00000000021b2000 Exception <a 'java/lang/ArrayIndexOutOfBoundsException': 26> (0x00000000ed639298) thrown at [C:\re\workspace\8-2-build-windows-amd64-cygwin\jdk8u144\9417\hotspot\src\share\vm\interpreter\interpreterRuntime.cpp, line 366]
Event: 30.342 Thread 0x00000000021b2000 Exception <a 'java/lang/ArrayIndexOutOfBoundsException': 23> (0x00000000ed63ad60) thrown at [C:\re\workspace\8-2-build-windows-amd64-cygwin\jdk8u144\9417\hotspot\src\share\vm\interpreter\interpreterRuntime.cpp, line 366]
Event: 30.343 Thread 0x00000000021b2000 Exception <a 'java/lang/ArrayIndexOutOfBoundsException': 71> (0x00000000ed63e268) thrown at [C:\re\workspace\8-2-build-windows-amd64-cygwin\jdk8u144\9417\hotspot\src\share\vm\interpreter\interpreterRuntime.cpp, line 366]
Event: 30.343 Thread 0x00000000021b2000 Exception <a 'java/lang/ArrayIndexOutOfBoundsException': 128> (0x00000000ed63ffd0) thrown at [C:\re\workspace\8-2-build-windows-amd64-cygwin\jdk8u144\9417\hotspot\src\share\vm\interpreter\interpreterRuntime.cpp, line 366]
Event: 30.343 Thread 0x00000000021b2000 Exception <a 'java/lang/ArrayIndexOutOfBoundsException': 57> (0x00000000ed642120) thrown at [C:\re\workspace\8-2-build-windows-amd64-cygwin\jdk8u144\9417\hotspot\src\share\vm\interpreter\interpreterRuntime.cpp, line 366]

Events (10 events):
Event: 30.343 Thread 0x00000000021b2000 DEOPT UNPACKING pc=0x000000000291556a sp=0x00000000025fd018 mode 2
Event: 30.343 Thread 0x00000000021b2000 Uncommon trap: trap_request=0xffffffe7 fr.pc=0x0000000002ae3f4c
Event: 30.343 Thread 0x00000000021b2000 DEOPT PACKING pc=0x0000000002ae3f4c sp=0x00000000025fc6e0
Event: 30.343 Thread 0x00000000021b2000 DEOPT UNPACKING pc=0x000000000291556a sp=0x00000000025fc678 mode 2
Event: 30.343 Thread 0x00000000021b2000 Uncommon trap: trap_request=0xffffffe7 fr.pc=0x0000000002ae3f4c
Event: 30.343 Thread 0x00000000021b2000 DEOPT PACKING pc=0x0000000002ae3f4c sp=0x00000000025fd080
Event: 30.343 Thread 0x00000000021b2000 DEOPT UNPACKING pc=0x000000000291556a sp=0x00000000025fd018 mode 2
Event: 30.343 Thread 0x00000000021b2000 Uncommon trap: trap_request=0xffffffe7 fr.pc=0x0000000002ae3f4c
Event: 30.343 Thread 0x00000000021b2000 DEOPT PACKING pc=0x0000000002ae3f4c sp=0x00000000025fc6e0
Event: 30.343 Thread 0x00000000021b2000 DEOPT UNPACKING pc=0x000000000291556a sp=0x00000000025fc678 mode 2


Dynamic libraries:
0x000000013f9f0000 - 0x000000013fa27000 	C:\Program Files\Java\jre1.8.0_144\bin\javaw.exe
0x0000000077ab0000 - 0x0000000077c59000 	C:\Windows\SYSTEM32\ntdll.dll
0x0000000077890000 - 0x00000000779af000 	C:\Windows\system32\kernel32.dll
0x000007fefdb70000 - 0x000007fefdbdb000 	C:\Windows\system32\KERNELBASE.dll
0x000007feff490000 - 0x000007feff56b000 	C:\Windows\system32\ADVAPI32.dll
0x000007feff610000 - 0x000007feff6af000 	C:\Windows\system32\msvcrt.dll
0x000007feff2d0000 - 0x000007feff2ef000 	C:\Windows\SYSTEM32\sechost.dll
0x000007fefefd0000 - 0x000007feff0fd000 	C:\Windows\system32\RPCRT4.dll
0x00000000779b0000 - 0x0000000077aaa000 	C:\Windows\system32\USER32.dll
0x000007feff920000 - 0x000007feff987000 	C:\Windows\system32\GDI32.dll
0x000007feffdb0000 - 0x000007feffdbe000 	C:\Windows\system32\LPK.dll
0x000007feff200000 - 0x000007feff2c9000 	C:\Windows\system32\USP10.dll
0x000007fefc670000 - 0x000007fefc864000 	C:\Windows\WinSxS\amd64_microsoft.windows.common-controls_6595b64144ccf1df_6.0.7601.17514_none_fa396087175ac9ac\COMCTL32.dll
0x000007feff100000 - 0x000007feff171000 	C:\Windows\system32\SHLWAPI.dll
0x000007fefedc0000 - 0x000007fefedee000 	C:\Windows\system32\IMM32.DLL
0x000007feffac0000 - 0x000007feffbc9000 	C:\Windows\system32\MSCTF.dll
0x000000006ab20000 - 0x000000006abf2000 	C:\Program Files\Java\jre1.8.0_144\bin\msvcr100.dll
0x0000000068440000 - 0x0000000068cdd000 	C:\Program Files\Java\jre1.8.0_144\bin\server\jvm.dll
0x000007fef2cb0000 - 0x000007fef2cb9000 	C:\Windows\system32\WSOCK32.dll
0x000007feff8d0000 - 0x000007feff91d000 	C:\Windows\system32\WS2_32.dll
0x000007feff8c0000 - 0x000007feff8c8000 	C:\Windows\system32\NSI.dll
0x000007fefbb30000 - 0x000007fefbb6b000 	C:\Windows\system32\WINMM.dll
0x000007fefcb60000 - 0x000007fefcb6c000 	C:\Windows\system32\VERSION.dll
0x0000000077c70000 - 0x0000000077c77000 	C:\Windows\system32\PSAPI.DLL
0x00000000756f0000 - 0x00000000756ff000 	C:\Program Files\Java\jre1.8.0_144\bin\verify.dll
0x00000000756c0000 - 0x00000000756e9000 	C:\Program Files\Java\jre1.8.0_144\bin\java.dll
0x0000000074080000 - 0x00000000740b5000 	C:\Program Files\Java\jre1.8.0_144\bin\jdwp.dll
0x0000000075690000 - 0x0000000075698000 	C:\Program Files\Java\jre1.8.0_144\bin\npt.dll
0x00000000756a0000 - 0x00000000756b6000 	C:\Program Files\Java\jre1.8.0_144\bin\zip.dll
0x000007fefe030000 - 0x000007fefedb8000 	C:\Windows\system32\SHELL32.dll
0x000007feff6b0000 - 0x000007feff8b3000 	C:\Windows\system32\ole32.dll
0x000007fefda00000 - 0x000007fefda0f000 	C:\Windows\system32\profapi.dll
0x0000000074980000 - 0x0000000074989000 	C:\Program Files\Java\jre1.8.0_144\bin\dt_socket.dll
0x000007fefb900000 - 0x000007fefb915000 	C:\Windows\system32\NLAapi.dll
0x000007fef6a60000 - 0x000007fef6a75000 	C:\Windows\system32\napinsp.dll
0x000007fef6a40000 - 0x000007fef6a59000 	C:\Windows\system32\pnrpnsp.dll
0x000007fefd1f0000 - 0x000007fefd245000 	C:\Windows\System32\mswsock.dll
0x000007fefd070000 - 0x000007fefd0cb000 	C:\Windows\system32\DNSAPI.dll
0x000007fef6a30000 - 0x000007fef6a3b000 	C:\Windows\System32\winrnr.dll
0x000007fefb3e0000 - 0x000007fefb407000 	C:\Windows\system32\IPHLPAPI.DLL
0x000007fefb310000 - 0x000007fefb31b000 	C:\Windows\system32\WINNSI.DLL
0x000007fefb1c0000 - 0x000007fefb213000 	C:\Windows\System32\fwpuclnt.dll
0x000007fef6700000 - 0x000007fef6708000 	C:\Windows\system32\rasadhlp.dll
0x000007fefcc30000 - 0x000007fefcc37000 	C:\Windows\System32\wshtcpip.dll
0x0000000075700000 - 0x000000007570d000 	C:\Program Files\Java\jre1.8.0_144\bin\management.dll
0x0000000074380000 - 0x000000007439a000 	C:\Program Files\Java\jre1.8.0_144\bin\net.dll
0x000007fefd1e0000 - 0x000007fefd1e7000 	C:\Windows\System32\wship6.dll
0x0000000074360000 - 0x0000000074371000 	C:\Program Files\Java\jre1.8.0_144\bin\nio.dll
0x000007fefd290000 - 0x000007fefd2a7000 	C:\Windows\system32\CRYPTSP.dll
0x000007fefcf50000 - 0x000007fefcf97000 	C:\Windows\system32\rsaenh.dll
0x000007fefcd40000 - 0x000007fefcd5e000 	C:\Windows\system32\USERENV.dll
0x000007fefd8f0000 - 0x000007fefd8ff000 	C:\Windows\system32\CRYPTBASE.dll
0x000007fefb190000 - 0x000007fefb1a1000 	C:\Windows\system32\dhcpcsvc6.DLL
0x000007fefb170000 - 0x000007fefb188000 	C:\Windows\system32\dhcpcsvc.DLL

VM Arguments:
jvm_args: -agentlib:jdwp=transport=dt_socket,suspend=y,address=localhost:65417 -Dfile.encoding=UTF-8 
java_command: io.springbootstarter.CourseStart
java_class_path (initial): C:\Users\Admin\eclipse-workspace\springapplication\target\classes;C:\Users\Admin\.m2\repository\org\springframework\boot\spring-boot-starter-web\1.4.2.RELEASE\spring-boot-starter-web-1.4.2.RELEASE.jar;C:\Users\Admin\.m2\repository\org\springframework\boot\spring-boot-starter\1.4.2.RELEASE\spring-boot-starter-1.4.2.RELEASE.jar;C:\Users\Admin\.m2\repository\org\springframework\boot\spring-boot\1.4.2.RELEASE\spring-boot-1.4.2.RELEASE.jar;C:\Users\Admin\.m2\repository\org\springframework\boot\spring-boot-autoconfigure\1.4.2.RELEASE\spring-boot-autoconfigure-1.4.2.RELEASE.jar;C:\Users\Admin\.m2\repository\org\springframework\boot\spring-boot-starter-logging\1.4.2.RELEASE\spring-boot-starter-logging-1.4.2.RELEASE.jar;C:\Users\Admin\.m2\repository\ch\qos\logback\logback-classic\1.1.7\logback-classic-1.1.7.jar;C:\Users\Admin\.m2\repository\ch\qos\logback\logback-core\1.1.7\logback-core-1.1.7.jar;C:\Users\Admin\.m2\repository\org\slf4j\jul-to-slf4j\1.7.21\jul-to-slf4j-1.7.21.jar;C:\Users\Admin\.m2\repository\org\slf4j\log4j-over-slf4j\1.7.21\log4j-over-slf4j-1.7.21.jar;C:\Users\Admin\.m2\repository\org\springframework\spring-core\4.3.4.RELEASE\spring-core-4.3.4.RELEASE.jar;C:\Users\Admin\.m2\repository\org\yaml\snakeyaml\1.17\snakeyaml-1.17.jar;C:\Users\Admin\.m2\repository\org\springframework\boot\spring-boot-starter-tomcat\1.4.2.RELEASE\spring-boot-starter-tomcat-1.4.2.RELEASE.jar;C:\Users\Admin\.m2\repository\org\apache\tomcat\embed\tomcat-embed-core\8.5.6\tomcat-embed-core-8.5.6.jar;C:\Users\Admin\.m2\repository\org\apache\tomcat\embed\tomcat-embed-el\8.5.6\tomcat-embed-el-8.5.6.jar;C:\Users\Admin\.m2\repository\org\apache\tomcat\embed\tomcat-embed-websocket\8.5.6\tomcat-embed-websocket-8.5.6.jar;C:\Users\Admin\.m2\repository\org\hibernate\hibernate-validator\5.2.4.Final\hibernate-validator-5.2.4.Final.jar;C:\Users\Admin\.m2\repository\javax\validation\validation-api\1.1.0.Final\validation-api-1.1.0.Final.jar;C:\Users\Admin\.m2\repository\org
Launcher Type: SUN_STANDARD

Environment Variables:
PATH=C:/Program Files/Java/jre1.8.0_144/bin/server;C:/Program Files/Java/jre1.8.0_144/bin;C:/Program Files/Java/jre1.8.0_144/lib/amd64;C:\ProgramData\Oracle\Java\javapath;C:\Windows\system32;C:\Windows;C:\Windows\System32\Wbem;C:\Windows\System32\WindowsPowerShell\v1.0\;C:\Program Files\Git\cmd;C:\Program Files (x86)\MySQL\MySQL Fabric 1.5 & MySQL Utilities 1.5\;C:\Program Files (x86)\MySQL\MySQL Fabric 1.5 & MySQL Utilities 1.5\Doctrine extensions for PHP\;C:\Program Files\nodejs\;C:\Program Files\Microsoft VS Code\bin;C:\Users\Admin\AppData\Roaming\npm;C:\Eclipse\eclipse-java-oxygen-R-win32-x86_64\eclipse;
USERNAME=Admin
OS=Windows_NT
PROCESSOR_IDENTIFIER=Intel64 Family 6 Model 63 Stepping 2, GenuineIntel



---------------  S Y S T E M  ---------------

OS: Windows 7 , 64 bit Build 7601 (6.1.7601.17514)

CPU:total 2 (initial active 2) (2 cores per cpu, 1 threads per core) family 6 model 63 stepping 2, cmov, cx8, fxsr, mmx, sse, sse2, sse3, ssse3, sse4.1, sse4.2, popcnt, avx, avx2, aes, clmul, erms, lzcnt, tsc, bmi1, bmi2

Memory: 4k page, physical 4193848k(284220k free), swap 16773548k(5280k free)

vm_info: Java HotSpot(TM) 64-Bit Server VM (25.144-b01) for windows-amd64 JRE (1.8.0_144-b01), built on Jul 21 2017 21:57:33 by "java_re" with MS VC++ 10.0 (VS2010)

time: Wed Apr 10 19:33:24 2019
elapsed time: 30 seconds (0d 0h 0m 30s)

