#
# There is insufficient memory for the Java Runtime Environment to continue.
# Native memory allocation (malloc) failed to allocate 32744 bytes for ChunkPool::allocate
# Possible reasons:
#   The system is out of physical RAM or swap space
#   In 32 bit mode, the process size limit was hit
# Possible solutions:
#   Reduce memory load on the system
#   Increase physical memory or swap space
#   Check if swap backing store is full
#   Use 64 bit Java on a 64 bit OS
#   Decrease Java heap size (-Xmx/-Xms)
#   Decrease number of Java threads
#   Decrease Java thread stack sizes (-Xss)
#   Set larger code cache with -XX:ReservedCodeCacheSize=
# This output file may be truncated or incomplete.
#
#  Out of Memory Error (allocation.cpp:273), pid=168188, tid=0x00000000000291f4
#
# JRE version: Java(TM) SE Runtime Environment (8.0_144-b01) (build 1.8.0_144-b01)
# Java VM: Java HotSpot(TM) 64-Bit Server VM (25.144-b01 mixed mode windows-amd64 compressed oops)
# Failed to write core dump. Minidumps are not enabled by default on client versions of Windows
#

---------------  T H R E A D  ---------------

Current thread (0x0000000055095000):  JavaThread "C2 CompilerThread0" daemon [_thread_in_native, id=168436, stack(0x0000000056ac0000,0x0000000056bc0000)]

Stack: [0x0000000056ac0000,0x0000000056bc0000]
[error occurred during error reporting (printing stack bounds), id 0xc0000005]

Native frames: (J=compiled Java code, j=interpreted, Vv=VM code, C=native code)


Current CompileTask:
C2:  33565 4259   !   4       org.springframework.core.annotation.AnnotatedElementUtils::searchWithFindSemantics (720 bytes)


---------------  P R O C E S S  ---------------

Java Threads: ( => current thread )
  0x000000005792b000 JavaThread "DestroyJavaVM" [_thread_blocked, id=159884, stack(0x0000000002440000,0x0000000002540000)]
  0x000000005792a800 JavaThread "http-nio-8080-AsyncTimeout" daemon [_thread_blocked, id=173120, stack(0x000000005f120000,0x000000005f220000)]
  0x0000000057929800 JavaThread "http-nio-8080-Acceptor-0" daemon [_thread_in_native, id=181736, stack(0x000000005f7a0000,0x000000005f8a0000)]
  0x0000000056ea9000 JavaThread "http-nio-8080-ClientPoller-1" daemon [_thread_in_native, id=177836, stack(0x0000000057170000,0x0000000057270000)]
  0x0000000056ea8800 JavaThread "http-nio-8080-ClientPoller-0" daemon [_thread_in_native, id=167028, stack(0x0000000059570000,0x0000000059670000)]
  0x0000000056ea7800 JavaThread "NioBlockingSelector.BlockPoller-1" daemon [_thread_in_native, id=178848, stack(0x00000000561b0000,0x00000000562b0000)]
  0x0000000056ea7000 JavaThread "Abandoned connection cleanup thread" daemon [_thread_blocked, id=170564, stack(0x000000005e7f0000,0x000000005e8f0000)]
  0x0000000056ea6000 JavaThread "Tomcat JDBC Pool Cleaner[414493378:1554904663501]" daemon [_thread_blocked, id=174860, stack(0x000000005d5c0000,0x000000005d6c0000)]
  0x000000005829b000 JavaThread "container-0" [_thread_blocked, id=172460, stack(0x000000005d480000,0x000000005d580000)]
  0x000000005c4db800 JavaThread "ContainerBackgroundProcessor[StandardEngine[Tomcat]]" daemon [_thread_blocked, id=164520, stack(0x000000005c110000,0x000000005c210000)]
  0x0000000056be3800 JavaThread "Service Thread" daemon [_thread_blocked, id=167628, stack(0x0000000056fd0000,0x00000000570d0000)]
  0x0000000056bd9000 JavaThread "C1 CompilerThread1" daemon [_thread_blocked, id=168524, stack(0x0000000056420000,0x0000000056520000)]
=>0x0000000055095000 JavaThread "C2 CompilerThread0" daemon [_thread_in_native, id=168436, stack(0x0000000056ac0000,0x0000000056bc0000)]
  0x0000000055092800 JavaThread "JDWP Command Reader" daemon [_thread_in_native, id=164468, stack(0x0000000056970000,0x0000000056a70000)]
  0x0000000055083800 JavaThread "JDWP Event Helper Thread" daemon [_thread_blocked, id=164072, stack(0x0000000056780000,0x0000000056880000)]
  0x0000000055078000 JavaThread "JDWP Transport Listener: dt_socket" daemon [_thread_blocked, id=166316, stack(0x0000000056650000,0x0000000056750000)]
  0x0000000055070000 JavaThread "Attach Listener" daemon [_thread_blocked, id=172248, stack(0x0000000055fc0000,0x00000000560c0000)]
  0x000000005506e800 JavaThread "Signal Dispatcher" daemon [_thread_blocked, id=168364, stack(0x0000000055d60000,0x0000000055e60000)]
  0x0000000055051800 JavaThread "Finalizer" daemon [_thread_blocked, id=122532, stack(0x0000000055c50000,0x0000000055d50000)]
  0x000000005500a000 JavaThread "Reference Handler" daemon [_thread_blocked, id=171852, stack(0x0000000055ad0000,0x0000000055bd0000)]

Other Threads:
  0x0000000055000800 VMThread [stack: 0x0000000055920000,0x0000000055a20000] [id=168316]
  0x0000000056c0f800 WatcherThread [stack: 0x00000000572a0000,0x00000000573a0000] [id=162060]

VM state:not at safepoint (normal execution)

VM Mutex/Monitor currently owned by a thread: None

Heap:
 PSYoungGen      total 136704K, used 46185K [0x00000000eab00000, 0x00000000f3780000, 0x0000000100000000)
  eden space 129536K, 30% used [0x00000000eab00000,0x00000000ed11c960,0x00000000f2980000)
  from space 7168K, 99% used [0x00000000f2980000,0x00000000f307dd80,0x00000000f3080000)
  to   space 6656K, 0% used [0x00000000f3100000,0x00000000f3100000,0x00000000f3780000)
 ParOldGen       total 44032K, used 25054K [0x00000000c0000000, 0x00000000c2b00000, 0x00000000eab00000)
  object space 44032K, 56% used [0x00000000c0000000,0x00000000c18778b8,0x00000000c2b00000)
 Metaspace       used 43647K, capacity 44026K, committed 44456K, reserved 1087488K
  class space    used 5639K, capacity 5764K, committed 5800K, reserved 1048576K

Card table byte_map: [0x0000000011cf0000,0x0000000011f00000] byte_map_base: 0x00000000116f0000

Marking Bits: (ParMarkBitMap*) 0x0000000068c5d850
 Begin Bits: [0x00000000124d0000, 0x00000000134d0000)
 End Bits:   [0x00000000134d0000, 0x00000000144d0000)

Polling page: 0x0000000000120000

CodeCache: size=245760Kb used=14591Kb max_used=14660Kb free=231168Kb
 bounds [0x0000000002930000, 0x00000000037a0000, 0x0000000011930000]
 total_blobs=4250 nmethods=3742 adapters=428
 compilation: enabled

Compilation events (10 events):
Event: 32.371 Thread 0x0000000056bd9000 4294       2       org.springframework.boot.ansi.AnsiOutput::toString (32 bytes)
Event: 32.372 Thread 0x0000000056bd9000 nmethod 4294 0x0000000002abedd0 code [0x0000000002abef60, 0x0000000002abf278]
Event: 32.372 Thread 0x0000000056bd9000 4295       2       org.springframework.boot.ansi.AnsiOutput::isEnabled (46 bytes)
Event: 32.373 Thread 0x0000000056bd9000 nmethod 4295 0x0000000002abe990 code [0x0000000002abeb00, 0x0000000002abed08]
Event: 32.374 Thread 0x0000000056bd9000 4296       2       org.springframework.core.ResolvableType$WildcardBounds::get (134 bytes)
Event: 32.376 Thread 0x0000000056bd9000 nmethod 4296 0x0000000002c09450 code [0x0000000002c09660, 0x0000000002c09da8]
Event: 32.377 Thread 0x0000000056bd9000 4297   !   2       org.springframework.core.ResolvableType::getGeneric (61 bytes)
Event: 32.378 Thread 0x0000000056bd9000 nmethod 4297 0x0000000002bf9490 code [0x0000000002bf9620, 0x0000000002bf98f8]
Event: 32.378 Thread 0x0000000056bd9000 4298       2       java.util.concurrent.ConcurrentHashMap$BaseIterator::remove (37 bytes)
Event: 32.379 Thread 0x0000000056bd9000 nmethod 4298 0x0000000002bf6250 code [0x0000000002bf63e0, 0x0000000002bf6658]

GC Heap History (10 events):
Event: 17.975 GC heap before
{Heap before GC invocations=13 (full 1):
 PSYoungGen      total 59904K, used 57981K [0x00000000eab00000, 0x00000000f0a80000, 0x0000000100000000)
  eden space 52736K, 99% used [0x00000000eab00000,0x00000000ede7d4e0,0x00000000ede80000)
  from space 7168K, 73% used [0x00000000ede80000,0x00000000ee3a21f0,0x00000000ee580000)
  to   space 7168K, 0% used [0x00000000f0380000,0x00000000f0380000,0x00000000f0a80000)
 ParOldGen       total 35840K, used 14511K [0x00000000c0000000, 0x00000000c2300000, 0x00000000eab00000)
  object space 35840K, 40% used [0x00000000c0000000,0x00000000c0e2bc88,0x00000000c2300000)
 Metaspace       used 27382K, capacity 27676K, committed 27904K, reserved 1073152K
  class space    used 3415K, capacity 3507K, committed 3584K, reserved 1048576K
Event: 18.034 GC heap after
Heap after GC invocations=13 (full 1):
 PSYoungGen      total 89600K, used 3839K [0x00000000eab00000, 0x00000000f0a00000, 0x0000000100000000)
  eden space 82944K, 0% used [0x00000000eab00000,0x00000000eab00000,0x00000000efc00000)
  from space 6656K, 57% used [0x00000000f0380000,0x00000000f073fee8,0x00000000f0a00000)
  to   space 7168K, 0% used [0x00000000efc00000,0x00000000efc00000,0x00000000f0300000)
 ParOldGen       total 35840K, used 16995K [0x00000000c0000000, 0x00000000c2300000, 0x00000000eab00000)
  object space 35840K, 47% used [0x00000000c0000000,0x00000000c1098cc8,0x00000000c2300000)
 Metaspace       used 27382K, capacity 27676K, committed 27904K, reserved 1073152K
  class space    used 3415K, capacity 3507K, committed 3584K, reserved 1048576K
}
Event: 23.588 GC heap before
{Heap before GC invocations=14 (full 1):
 PSYoungGen      total 89600K, used 86783K [0x00000000eab00000, 0x00000000f0a00000, 0x0000000100000000)
  eden space 82944K, 100% used [0x00000000eab00000,0x00000000efc00000,0x00000000efc00000)
  from space 6656K, 57% used [0x00000000f0380000,0x00000000f073fee8,0x00000000f0a00000)
  to   space 7168K, 0% used [0x00000000efc00000,0x00000000efc00000,0x00000000f0300000)
 ParOldGen       total 35840K, used 16995K [0x00000000c0000000, 0x00000000c2300000, 0x00000000eab00000)
  object space 35840K, 47% used [0x00000000c0000000,0x00000000c1098cc8,0x00000000c2300000)
 Metaspace       used 31714K, capacity 32032K, committed 32384K, reserved 1077248K
  class space    used 4064K, capacity 4185K, committed 4224K, reserved 1048576K
Event: 23.608 GC heap after
Heap after GC invocations=14 (full 1):
 PSYoungGen      total 90112K, used 6128K [0x00000000eab00000, 0x00000000f3800000, 0x0000000100000000)
  eden space 82944K, 0% used [0x00000000eab00000,0x00000000eab00000,0x00000000efc00000)
  from space 7168K, 85% used [0x00000000efc00000,0x00000000f01fc0f8,0x00000000f0300000)
  to   space 7168K, 0% used [0x00000000f3100000,0x00000000f3100000,0x00000000f3800000)
 ParOldGen       total 35840K, used 18745K [0x00000000c0000000, 0x00000000c2300000, 0x00000000eab00000)
  object space 35840K, 52% used [0x00000000c0000000,0x00000000c124e430,0x00000000c2300000)
 Metaspace       used 31714K, capacity 32032K, committed 32384K, reserved 1077248K
  class space    used 4064K, capacity 4185K, committed 4224K, reserved 1048576K
}
Event: 25.379 GC heap before
{Heap before GC invocations=15 (full 1):
 PSYoungGen      total 90112K, used 26114K [0x00000000eab00000, 0x00000000f3800000, 0x0000000100000000)
  eden space 82944K, 24% used [0x00000000eab00000,0x00000000ebe84838,0x00000000efc00000)
  from space 7168K, 85% used [0x00000000efc00000,0x00000000f01fc0f8,0x00000000f0300000)
  to   space 7168K, 0% used [0x00000000f3100000,0x00000000f3100000,0x00000000f3800000)
 ParOldGen       total 35840K, used 18745K [0x00000000c0000000, 0x00000000c2300000, 0x00000000eab00000)
  object space 35840K, 52% used [0x00000000c0000000,0x00000000c124e430,0x00000000c2300000)
 Metaspace       used 34957K, capacity 35244K, committed 35496K, reserved 1081344K
  class space    used 4425K, capacity 4507K, committed 4520K, reserved 1048576K
Event: 25.393 GC heap after
Heap after GC invocations=15 (full 1):
 PSYoungGen      total 136192K, used 3448K [0x00000000eab00000, 0x00000000f3780000, 0x0000000100000000)
  eden space 129536K, 0% used [0x00000000eab00000,0x00000000eab00000,0x00000000f2980000)
  from space 6656K, 51% used [0x00000000f3100000,0x00000000f345e328,0x00000000f3780000)
  to   space 7168K, 0% used [0x00000000f2980000,0x00000000f2980000,0x00000000f3080000)
 ParOldGen       total 35840K, used 21497K [0x00000000c0000000, 0x00000000c2300000, 0x00000000eab00000)
  object space 35840K, 59% used [0x00000000c0000000,0x00000000c14fe748,0x00000000c2300000)
 Metaspace       used 34957K, capacity 35244K, committed 35496K, reserved 1081344K
  class space    used 4425K, capacity 4507K, committed 4520K, reserved 1048576K
}
Event: 25.393 GC heap before
{Heap before GC invocations=16 (full 2):
 PSYoungGen      total 136192K, used 3448K [0x00000000eab00000, 0x00000000f3780000, 0x0000000100000000)
  eden space 129536K, 0% used [0x00000000eab00000,0x00000000eab00000,0x00000000f2980000)
  from space 6656K, 51% used [0x00000000f3100000,0x00000000f345e328,0x00000000f3780000)
  to   space 7168K, 0% used [0x00000000f2980000,0x00000000f2980000,0x00000000f3080000)
 ParOldGen       total 35840K, used 21497K [0x00000000c0000000, 0x00000000c2300000, 0x00000000eab00000)
  object space 35840K, 59% used [0x00000000c0000000,0x00000000c14fe748,0x00000000c2300000)
 Metaspace       used 34957K, capacity 35244K, committed 35496K, reserved 1081344K
  class space    used 4425K, capacity 4507K, committed 4520K, reserved 1048576K
Event: 25.674 GC heap after
Heap after GC invocations=16 (full 2):
 PSYoungGen      total 136192K, used 0K [0x00000000eab00000, 0x00000000f3780000, 0x0000000100000000)
  eden space 129536K, 0% used [0x00000000eab00000,0x00000000eab00000,0x00000000f2980000)
  from space 6656K, 0% used [0x00000000f3100000,0x00000000f3100000,0x00000000f3780000)
  to   space 7168K, 0% used [0x00000000f2980000,0x00000000f2980000,0x00000000f3080000)
 ParOldGen       total 44032K, used 19993K [0x00000000c0000000, 0x00000000c2b00000, 0x00000000eab00000)
  object space 44032K, 45% used [0x00000000c0000000,0x00000000c1386538,0x00000000c2b00000)
 Metaspace       used 34957K, capacity 35244K, committed 35496K, reserved 1081344K
  class space    used 4425K, capacity 4507K, committed 4520K, reserved 1048576K
}
Event: 31.383 GC heap before
{Heap before GC invocations=17 (full 2):
 PSYoungGen      total 136192K, used 129536K [0x00000000eab00000, 0x00000000f3780000, 0x0000000100000000)
  eden space 129536K, 100% used [0x00000000eab00000,0x00000000f2980000,0x00000000f2980000)
  from space 6656K, 0% used [0x00000000f3100000,0x00000000f3100000,0x00000000f3780000)
  to   space 7168K, 0% used [0x00000000f2980000,0x00000000f2980000,0x00000000f3080000)
 ParOldGen       total 44032K, used 19993K [0x00000000c0000000, 0x00000000c2b00000, 0x00000000eab00000)
  object space 44032K, 45% used [0x00000000c0000000,0x00000000c1386538,0x00000000c2b00000)
 Metaspace       used 42794K, capacity 43126K, committed 43560K, reserved 1087488K
  class space    used 5520K, capacity 5634K, committed 5672K, reserved 1048576K
Event: 31.512 GC heap after
Heap after GC invocations=17 (full 2):
 PSYoungGen      total 136704K, used 7159K [0x00000000eab00000, 0x00000000f3780000, 0x0000000100000000)
  eden space 129536K, 0% used [0x00000000eab00000,0x00000000eab00000,0x00000000f2980000)
  from space 7168K, 99% used [0x00000000f2980000,0x00000000f307dd80,0x00000000f3080000)
  to   space 6656K, 0% used [0x00000000f3100000,0x00000000f3100000,0x00000000f3780000)
 ParOldGen       total 44032K, used 25054K [0x00000000c0000000, 0x00000000c2b00000, 0x00000000eab00000)
  object space 44032K, 56% used [0x00000000c0000000,0x00000000c18778b8,0x00000000c2b00000)
 Metaspace       used 42794K, capacity 43126K, committed 43560K, reserved 1087488K
  class space    used 5520K, capacity 5634K, committed 5672K, reserved 1048576K
}

Deoptimization events (10 events):
Event: 32.365 Thread 0x0000000002362000 Uncommon trap: reason=unhandled action=none pc=0x000000000341223c method=java.net.URLClassLoader.findClass(Ljava/lang/String;)Ljava/lang/Class; @ 44
Event: 32.365 Thread 0x0000000002362000 Uncommon trap: reason=unhandled action=none pc=0x000000000341223c method=java.net.URLClassLoader.findClass(Ljava/lang/String;)Ljava/lang/Class; @ 44
Event: 32.366 Thread 0x0000000002362000 Uncommon trap: reason=unhandled action=none pc=0x000000000341223c method=java.net.URLClassLoader.findClass(Ljava/lang/String;)Ljava/lang/Class; @ 44
Event: 32.367 Thread 0x0000000002362000 Uncommon trap: reason=bimorphic action=maybe_recompile pc=0x00000000032d70c0 method=java.util.Hashtable.get(Ljava/lang/Object;)Ljava/lang/Object; @ 6
Event: 32.373 Thread 0x0000000002362000 Uncommon trap: reason=bimorphic action=maybe_recompile pc=0x00000000032d70c0 method=java.util.Hashtable.get(Ljava/lang/Object;)Ljava/lang/Object; @ 6
Event: 32.375 Thread 0x0000000002362000 Uncommon trap: reason=unhandled action=none pc=0x000000000341223c method=java.net.URLClassLoader.findClass(Ljava/lang/String;)Ljava/lang/Class; @ 44
Event: 32.377 Thread 0x0000000002362000 Uncommon trap: reason=unhandled action=none pc=0x000000000341223c method=java.net.URLClassLoader.findClass(Ljava/lang/String;)Ljava/lang/Class; @ 44
Event: 32.379 Thread 0x0000000002362000 Uncommon trap: reason=unhandled action=none pc=0x000000000341223c method=java.net.URLClassLoader.findClass(Ljava/lang/String;)Ljava/lang/Class; @ 44
Event: 32.380 Thread 0x0000000002362000 Uncommon trap: reason=unhandled action=none pc=0x000000000341223c method=java.net.URLClassLoader.findClass(Ljava/lang/String;)Ljava/lang/Class; @ 44
Event: 32.382 Thread 0x0000000002362000 Uncommon trap: reason=unhandled action=none pc=0x000000000341223c method=java.net.URLClassLoader.findClass(Ljava/lang/String;)Ljava/lang/Class; @ 44

Internal exceptions (10 events):
Event: 31.842 Thread 0x0000000002362000 Exception <a 'java/lang/ClassNotFoundException': org/springframework/boot/autoconfigure/web/WebClientAutoConfigurationCustomizer> (0x00000000ebec7858) thrown at [C:\re\workspace\8-2-build-windows-amd64-cygwin\jdk8u144\9417\hotspot\src\share\vm\classfile\s
Event: 31.843 Thread 0x0000000002362000 Exception <a 'java/lang/ClassNotFoundException': org/springframework/boot/autoconfigure/web/WebClientAutoConfiguration$$EnhancerBySpringCGLIB$$4a02891fCustomizer> (0x00000000ebee2178) thrown at [C:\re\workspace\8-2-build-windows-amd64-cygwin\jdk8u144\9417
Event: 31.844 Thread 0x0000000002362000 Exception <a 'java/lang/ClassNotFoundException': org/springframework/context/annotation/ConfigurationClassEnhancer$EnhancedConfigurationCustomizer> (0x00000000ebefe480) thrown at [C:\re\workspace\8-2-build-windows-amd64-cygwin\jdk8u144\9417\hotspot\src\sh
Event: 31.870 Thread 0x0000000002362000 Exception <a 'java/lang/ArrayIndexOutOfBoundsException': 141> (0x00000000ebf81ad8) thrown at [C:\re\workspace\8-2-build-windows-amd64-cygwin\jdk8u144\9417\hotspot\src\share\vm\interpreter\interpreterRuntime.cpp, line 366]
Event: 31.871 Thread 0x0000000002362000 Exception <a 'java/lang/ArrayIndexOutOfBoundsException': 40> (0x00000000ebf828f0) thrown at [C:\re\workspace\8-2-build-windows-amd64-cygwin\jdk8u144\9417\hotspot\src\share\vm\interpreter\interpreterRuntime.cpp, line 366]
Event: 31.872 Thread 0x0000000002362000 Exception <a 'java/lang/ArrayIndexOutOfBoundsException': 240> (0x00000000ebf85508) thrown at [C:\re\workspace\8-2-build-windows-amd64-cygwin\jdk8u144\9417\hotspot\src\share\vm\interpreter\interpreterRuntime.cpp, line 366]
Event: 31.872 Thread 0x0000000002362000 Exception <a 'java/lang/ArrayIndexOutOfBoundsException': 212> (0x00000000ebf87988) thrown at [C:\re\workspace\8-2-build-windows-amd64-cygwin\jdk8u144\9417\hotspot\src\share\vm\interpreter\interpreterRuntime.cpp, line 366]
Event: 31.872 Thread 0x0000000002362000 Exception <a 'java/lang/ArrayIndexOutOfBoundsException': 121> (0x00000000ebf89808) thrown at [C:\re\workspace\8-2-build-windows-amd64-cygwin\jdk8u144\9417\hotspot\src\share\vm\interpreter\interpreterRuntime.cpp, line 366]
Event: 31.872 Thread 0x0000000002362000 Exception <a 'java/lang/ArrayIndexOutOfBoundsException': 331> (0x00000000ebf8c8e8) thrown at [C:\re\workspace\8-2-build-windows-amd64-cygwin\jdk8u144\9417\hotspot\src\share\vm\interpreter\interpreterRuntime.cpp, line 366]
Event: 31.872 Thread 0x0000000002362000 Exception <a 'java/lang/ArrayIndexOutOfBoundsException': 192> (0x00000000ebf8e758) thrown at [C:\re\workspace\8-2-build-windows-amd64-cygwin\jdk8u144\9417\hotspot\src\share\vm\interpreter\interpreterRuntime.cpp, line 366]

Events (10 events):
Event: 32.380 Thread 0x0000000002362000 DEOPT UNPACKING pc=0x00000000029775bf sp=0x000000000253dbe0 mode 1
Event: 32.382 loading class org/springframework/util/StopWatch$TaskInfo
Event: 32.382 loading class org/springframework/util/StopWatch$TaskInfo done
Event: 32.382 Thread 0x0000000002362000 Uncommon trap: trap_request=0xffffffa7 fr.pc=0x000000000341223c
Event: 32.382 Thread 0x0000000002362000 DEOPT PACKING pc=0x000000000341223c sp=0x000000000253df60
Event: 32.382 Thread 0x0000000002362000 DEOPT UNPACKING pc=0x000000000297556a sp=0x000000000253def8 mode 2
Event: 32.382 Thread 0x0000000002362000 DEOPT PACKING pc=0x0000000002b21d6c sp=0x000000000253dfa0
Event: 32.382 Thread 0x0000000002362000 DEOPT UNPACKING pc=0x00000000029775bf sp=0x000000000253dc70 mode 1
Event: 32.383 Thread 0x0000000002362000 Thread exited: 0x0000000002362000
Event: 32.383 Thread 0x000000005792b000 Thread added: 0x000000005792b000


Dynamic libraries:
0x000000013f500000 - 0x000000013f537000 	C:\Program Files\Java\jre1.8.0_144\bin\javaw.exe
0x0000000077ab0000 - 0x0000000077c59000 	C:\Windows\SYSTEM32\ntdll.dll
0x0000000077890000 - 0x00000000779af000 	C:\Windows\system32\kernel32.dll
0x000007fefdb70000 - 0x000007fefdbdb000 	C:\Windows\system32\KERNELBASE.dll
0x000007feff490000 - 0x000007feff56b000 	C:\Windows\system32\ADVAPI32.dll
0x000007feff610000 - 0x000007feff6af000 	C:\Windows\system32\msvcrt.dll
0x000007feff2d0000 - 0x000007feff2ef000 	C:\Windows\SYSTEM32\sechost.dll
0x000007fefefd0000 - 0x000007feff0fd000 	C:\Windows\system32\RPCRT4.dll
0x00000000779b0000 - 0x0000000077aaa000 	C:\Windows\system32\USER32.dll
0x000007feff920000 - 0x000007feff987000 	C:\Windows\system32\GDI32.dll
0x000007feffdb0000 - 0x000007feffdbe000 	C:\Windows\system32\LPK.dll
0x000007feff200000 - 0x000007feff2c9000 	C:\Windows\system32\USP10.dll
0x000007fefc670000 - 0x000007fefc864000 	C:\Windows\WinSxS\amd64_microsoft.windows.common-controls_6595b64144ccf1df_6.0.7601.17514_none_fa396087175ac9ac\COMCTL32.dll
0x000007feff100000 - 0x000007feff171000 	C:\Windows\system32\SHLWAPI.dll
0x000007fefedc0000 - 0x000007fefedee000 	C:\Windows\system32\IMM32.DLL
0x000007feffac0000 - 0x000007feffbc9000 	C:\Windows\system32\MSCTF.dll
0x0000000073630000 - 0x0000000073702000 	C:\Program Files\Java\jre1.8.0_144\bin\msvcr100.dll
0x0000000068440000 - 0x0000000068cdd000 	C:\Program Files\Java\jre1.8.0_144\bin\server\jvm.dll
0x000007fef2cb0000 - 0x000007fef2cb9000 	C:\Windows\system32\WSOCK32.dll
0x000007feff8d0000 - 0x000007feff91d000 	C:\Windows\system32\WS2_32.dll
0x000007feff8c0000 - 0x000007feff8c8000 	C:\Windows\system32\NSI.dll
0x000007fefbb30000 - 0x000007fefbb6b000 	C:\Windows\system32\WINMM.dll
0x000007fefcb60000 - 0x000007fefcb6c000 	C:\Windows\system32\VERSION.dll
0x0000000077c70000 - 0x0000000077c77000 	C:\Windows\system32\PSAPI.DLL
0x00000000756f0000 - 0x00000000756ff000 	C:\Program Files\Java\jre1.8.0_144\bin\verify.dll
0x00000000756c0000 - 0x00000000756e9000 	C:\Program Files\Java\jre1.8.0_144\bin\java.dll
0x0000000074080000 - 0x00000000740b5000 	C:\Program Files\Java\jre1.8.0_144\bin\jdwp.dll
0x0000000075690000 - 0x0000000075698000 	C:\Program Files\Java\jre1.8.0_144\bin\npt.dll
0x00000000756a0000 - 0x00000000756b6000 	C:\Program Files\Java\jre1.8.0_144\bin\zip.dll
0x000007fefe030000 - 0x000007fefedb8000 	C:\Windows\system32\SHELL32.dll
0x000007feff6b0000 - 0x000007feff8b3000 	C:\Windows\system32\ole32.dll
0x000007fefda00000 - 0x000007fefda0f000 	C:\Windows\system32\profapi.dll
0x0000000074980000 - 0x0000000074989000 	C:\Program Files\Java\jre1.8.0_144\bin\dt_socket.dll
0x000007fefb900000 - 0x000007fefb915000 	C:\Windows\system32\NLAapi.dll
0x000007fef6a60000 - 0x000007fef6a75000 	C:\Windows\system32\napinsp.dll
0x000007fef6a40000 - 0x000007fef6a59000 	C:\Windows\system32\pnrpnsp.dll
0x000007fefd1f0000 - 0x000007fefd245000 	C:\Windows\System32\mswsock.dll
0x000007fefd070000 - 0x000007fefd0cb000 	C:\Windows\system32\DNSAPI.dll
0x000007fef6a30000 - 0x000007fef6a3b000 	C:\Windows\System32\winrnr.dll
0x000007fefb3e0000 - 0x000007fefb407000 	C:\Windows\system32\IPHLPAPI.DLL
0x000007fefb310000 - 0x000007fefb31b000 	C:\Windows\system32\WINNSI.DLL
0x000007fefb1c0000 - 0x000007fefb213000 	C:\Windows\System32\fwpuclnt.dll
0x000007fef6700000 - 0x000007fef6708000 	C:\Windows\system32\rasadhlp.dll
0x000007fefcc30000 - 0x000007fefcc37000 	C:\Windows\System32\wshtcpip.dll
0x0000000075700000 - 0x000000007570d000 	C:\Program Files\Java\jre1.8.0_144\bin\management.dll
0x0000000074380000 - 0x000000007439a000 	C:\Program Files\Java\jre1.8.0_144\bin\net.dll
0x000007fefd1e0000 - 0x000007fefd1e7000 	C:\Windows\System32\wship6.dll
0x0000000074360000 - 0x0000000074371000 	C:\Program Files\Java\jre1.8.0_144\bin\nio.dll
0x000007fefd290000 - 0x000007fefd2a7000 	C:\Windows\system32\CRYPTSP.dll
0x000007fefcf50000 - 0x000007fefcf97000 	C:\Windows\system32\rsaenh.dll
0x000007fefcd40000 - 0x000007fefcd5e000 	C:\Windows\system32\USERENV.dll
0x000007fefd8f0000 - 0x000007fefd8ff000 	C:\Windows\system32\CRYPTBASE.dll
0x000007fefb190000 - 0x000007fefb1a1000 	C:\Windows\system32\dhcpcsvc6.DLL
0x000007fefb170000 - 0x000007fefb188000 	C:\Windows\system32\dhcpcsvc.DLL

VM Arguments:
jvm_args: -agentlib:jdwp=transport=dt_socket,suspend=y,address=localhost:56412 -Dfile.encoding=UTF-8 
java_command: io.springbootstarter.CourseStart
java_class_path (initial): C:\Users\Admin\eclipse-workspace\springapplication\target\classes;C:\Users\Admin\.m2\repository\org\springframework\boot\spring-boot-starter-web\1.4.2.RELEASE\spring-boot-starter-web-1.4.2.RELEASE.jar;C:\Users\Admin\.m2\repository\org\springframework\boot\spring-boot-starter\1.4.2.RELEASE\spring-boot-starter-1.4.2.RELEASE.jar;C:\Users\Admin\.m2\repository\org\springframework\boot\spring-boot\1.4.2.RELEASE\spring-boot-1.4.2.RELEASE.jar;C:\Users\Admin\.m2\repository\org\springframework\boot\spring-boot-autoconfigure\1.4.2.RELEASE\spring-boot-autoconfigure-1.4.2.RELEASE.jar;C:\Users\Admin\.m2\repository\org\springframework\boot\spring-boot-starter-logging\1.4.2.RELEASE\spring-boot-starter-logging-1.4.2.RELEASE.jar;C:\Users\Admin\.m2\repository\ch\qos\logback\logback-classic\1.1.7\logback-classic-1.1.7.jar;C:\Users\Admin\.m2\repository\ch\qos\logback\logback-core\1.1.7\logback-core-1.1.7.jar;C:\Users\Admin\.m2\repository\org\slf4j\jul-to-slf4j\1.7.21\jul-to-slf4j-1.7.21.jar;C:\Users\Admin\.m2\repository\org\slf4j\log4j-over-slf4j\1.7.21\log4j-over-slf4j-1.7.21.jar;C:\Users\Admin\.m2\repository\org\springframework\spring-core\4.3.4.RELEASE\spring-core-4.3.4.RELEASE.jar;C:\Users\Admin\.m2\repository\org\yaml\snakeyaml\1.17\snakeyaml-1.17.jar;C:\Users\Admin\.m2\repository\org\springframework\boot\spring-boot-starter-tomcat\1.4.2.RELEASE\spring-boot-starter-tomcat-1.4.2.RELEASE.jar;C:\Users\Admin\.m2\repository\org\apache\tomcat\embed\tomcat-embed-core\8.5.6\tomcat-embed-core-8.5.6.jar;C:\Users\Admin\.m2\repository\org\apache\tomcat\embed\tomcat-embed-el\8.5.6\tomcat-embed-el-8.5.6.jar;C:\Users\Admin\.m2\repository\org\apache\tomcat\embed\tomcat-embed-websocket\8.5.6\tomcat-embed-websocket-8.5.6.jar;C:\Users\Admin\.m2\repository\org\hibernate\hibernate-validator\5.2.4.Final\hibernate-validator-5.2.4.Final.jar;C:\Users\Admin\.m2\repository\javax\validation\validation-api\1.1.0.Final\validation-api-1.1.0.Final.jar;C:\Users\Admin\.m2\repository\org
Launcher Type: SUN_STANDARD

Environment Variables:
PATH=C:/Program Files/Java/jre1.8.0_144/bin/server;C:/Program Files/Java/jre1.8.0_144/bin;C:/Program Files/Java/jre1.8.0_144/lib/amd64;C:\ProgramData\Oracle\Java\javapath;C:\Windows\system32;C:\Windows;C:\Windows\System32\Wbem;C:\Windows\System32\WindowsPowerShell\v1.0\;C:\Program Files\Git\cmd;C:\Program Files (x86)\MySQL\MySQL Fabric 1.5 & MySQL Utilities 1.5\;C:\Program Files (x86)\MySQL\MySQL Fabric 1.5 & MySQL Utilities 1.5\Doctrine extensions for PHP\;C:\Program Files\nodejs\;C:\Program Files\Microsoft VS Code\bin;C:\Users\Admin\AppData\Roaming\npm;C:\Eclipse\eclipse-java-oxygen-R-win32-x86_64\eclipse;
USERNAME=Admin
OS=Windows_NT
PROCESSOR_IDENTIFIER=Intel64 Family 6 Model 63 Stepping 2, GenuineIntel



---------------  S Y S T E M  ---------------

OS: Windows 7 , 64 bit Build 7601 (6.1.7601.17514)

CPU:total 2 (initial active 2) (2 cores per cpu, 1 threads per core) family 6 model 63 stepping 2, cmov, cx8, fxsr, mmx, sse, sse2, sse3, ssse3, sse4.1, sse4.2, popcnt, avx, avx2, aes, clmul, erms, lzcnt, tsc, bmi1, bmi2

Memory: 4k page, physical 4193848k(190180k free), swap 16773548k(5120k free)

vm_info: Java HotSpot(TM) 64-Bit Server VM (25.144-b01) for windows-amd64 JRE (1.8.0_144-b01), built on Jul 21 2017 21:57:33 by "java_re" with MS VC++ 10.0 (VS2010)

time: Wed Apr 10 19:27:53 2019
elapsed time: 33 seconds (0d 0h 0m 33s)

