#
# There is insufficient memory for the Java Runtime Environment to continue.
# Native memory allocation (malloc) failed to allocate 244704 bytes for Chunk::new
# Possible reasons:
#   The system is out of physical RAM or swap space
#   In 32 bit mode, the process size limit was hit
# Possible solutions:
#   Reduce memory load on the system
#   Increase physical memory or swap space
#   Check if swap backing store is full
#   Use 64 bit Java on a 64 bit OS
#   Decrease Java heap size (-Xmx/-Xms)
#   Decrease number of Java threads
#   Decrease Java thread stack sizes (-Xss)
#   Set larger code cache with -XX:ReservedCodeCacheSize=
# This output file may be truncated or incomplete.
#
#  Out of Memory Error (allocation.cpp:390), pid=140160, tid=0x00000000000234f8
#
# JRE version: Java(TM) SE Runtime Environment (8.0_144-b01) (build 1.8.0_144-b01)
# Java VM: Java HotSpot(TM) 64-Bit Server VM (25.144-b01 mixed mode windows-amd64 compressed oops)
# Failed to write core dump. Minidumps are not enabled by default on client versions of Windows
#

---------------  T H R E A D  ---------------

Current thread (0x0000000054ec3000):  JavaThread "C2 CompilerThread0" daemon [_thread_in_native, id=144632, stack(0x0000000056a20000,0x0000000056b20000)]

Stack: [0x0000000056a20000,0x0000000056b20000]
[error occurred during error reporting (printing stack bounds), id 0xc0000005]

Native frames: (J=compiled Java code, j=interpreted, Vv=VM code, C=native code)


Current CompileTask:
C2:  45456 4069   !   4       org.springframework.util.ReflectionUtils::doWithMethods (176 bytes)


---------------  P R O C E S S  ---------------

Java Threads: ( => current thread )
  0x000000005a30b000 JavaThread "Abandoned connection cleanup thread" daemon [_thread_blocked, id=21540, stack(0x000000005bf00000,0x000000005c000000)]
  0x000000005a30a000 JavaThread "Tomcat JDBC Pool Cleaner[414493378:1554904550009]" daemon [_thread_blocked, id=154220, stack(0x000000005d920000,0x000000005da20000)]
  0x0000000057d43000 JavaThread "container-0" [_thread_blocked, id=9352, stack(0x000000005d5f0000,0x000000005d6f0000)]
  0x0000000059be4800 JavaThread "ContainerBackgroundProcessor[StandardEngine[Tomcat]]" daemon [_thread_blocked, id=162508, stack(0x000000005d480000,0x000000005d580000)]
  0x0000000056b41800 JavaThread "Service Thread" daemon [_thread_blocked, id=148960, stack(0x0000000057010000,0x0000000057110000)]
  0x0000000054eff000 JavaThread "C1 CompilerThread1" daemon [_thread_blocked, id=145520, stack(0x0000000056920000,0x0000000056a20000)]
=>0x0000000054ec3000 JavaThread "C2 CompilerThread0" daemon [_thread_in_native, id=144632, stack(0x0000000056a20000,0x0000000056b20000)]
  0x0000000054eb7000 JavaThread "JDWP Command Reader" daemon [_thread_in_native, id=154904, stack(0x0000000056810000,0x0000000056910000)]
  0x0000000054eb1800 JavaThread "JDWP Event Helper Thread" daemon [_thread_blocked, id=142648, stack(0x0000000056520000,0x0000000056620000)]
  0x0000000054ea3000 JavaThread "JDWP Transport Listener: dt_socket" daemon [_thread_blocked, id=142716, stack(0x0000000055f30000,0x0000000056030000)]
  0x0000000054e9e000 JavaThread "Attach Listener" daemon [_thread_blocked, id=137380, stack(0x0000000055e10000,0x0000000055f10000)]
  0x0000000054e9d000 JavaThread "Signal Dispatcher" daemon [_thread_blocked, id=146584, stack(0x0000000055cb0000,0x0000000055db0000)]
  0x0000000054e81800 JavaThread "Finalizer" daemon [_thread_blocked, id=142024, stack(0x0000000055a10000,0x0000000055b10000)]
  0x0000000054e3a000 JavaThread "Reference Handler" daemon [_thread_blocked, id=144668, stack(0x0000000055790000,0x0000000055890000)]
  0x0000000002152000 JavaThread "main" [_thread_in_vm, id=147356, stack(0x0000000002580000,0x0000000002680000)]

Other Threads:
  0x0000000054e30800 VMThread [stack: 0x0000000055900000,0x0000000055a00000] [id=138600]
  0x0000000056b81000 WatcherThread [stack: 0x0000000057220000,0x0000000057320000] [id=154832]

VM state:not at safepoint (normal execution)

VM Mutex/Monitor currently owned by a thread: None

Heap:
 PSYoungGen      total 120320K, used 109271K [0x00000000eab00000, 0x00000000f2880000, 0x0000000100000000)
  eden space 114176K, 95% used [0x00000000eab00000,0x00000000f15b5c60,0x00000000f1a80000)
  from space 6144K, 0% used [0x00000000f2280000,0x00000000f2280000,0x00000000f2880000)
  to   space 7168K, 0% used [0x00000000f1a80000,0x00000000f1a80000,0x00000000f2180000)
 ParOldGen       total 53248K, used 20437K [0x00000000c0000000, 0x00000000c3400000, 0x00000000eab00000)
  object space 53248K, 38% used [0x00000000c0000000,0x00000000c13f5568,0x00000000c3400000)
 Metaspace       used 42336K, capacity 42666K, committed 43048K, reserved 1087488K
  class space    used 5458K, capacity 5568K, committed 5672K, reserved 1048576K

Card table byte_map: [0x0000000011d10000,0x0000000011f20000] byte_map_base: 0x0000000011710000

Marking Bits: (ParMarkBitMap*) 0x0000000068c5d850
 Begin Bits: [0x0000000012300000, 0x0000000013300000)
 End Bits:   [0x0000000013300000, 0x0000000014300000)

Polling page: 0x0000000000220000

CodeCache: size=245760Kb used=13976Kb max_used=13986Kb free=231783Kb
 bounds [0x0000000002950000, 0x0000000003720000, 0x0000000011950000]
 total_blobs=4049 nmethods=3553 adapters=417
 compilation: enabled

Compilation events (10 events):
Event: 43.605 Thread 0x0000000054ec3000 4065       4       org.springframework.util.ObjectUtils::nullSafeHashCode (183 bytes)
Event: 43.605 Thread 0x0000000054eff000 nmethod 4064 0x00000000036b9650 code [0x00000000036b97e0, 0x00000000036b9bf8]
Event: 43.606 Thread 0x0000000054ec3000 nmethod 4065 0x00000000036bc450 code [0x00000000036bc5a0, 0x00000000036bc678]
Event: 43.621 Thread 0x0000000054eff000 4066   !   3       org.springframework.util.ReflectionUtils::invokeMethod (22 bytes)
Event: 43.622 Thread 0x0000000054eff000 nmethod 4066 0x00000000036afd90 code [0x00000000036aff20, 0x00000000036b0228]
Event: 43.629 Thread 0x0000000054eff000 4067       3       org.springframework.core.MethodParameter::getDeclaringClass (10 bytes)
Event: 43.629 Thread 0x0000000054eff000 nmethod 4067 0x00000000036af810 code [0x00000000036af980, 0x00000000036afca8]
Event: 43.630 Thread 0x0000000054eff000 4068       1       org.springframework.web.context.support.GenericWebApplicationContext::getServletContext (5 bytes)
Event: 43.630 Thread 0x0000000054ec3000 4069   !   4       org.springframework.util.ReflectionUtils::doWithMethods (176 bytes)
Event: 43.630 Thread 0x0000000054eff000 nmethod 4068 0x00000000036b9310 code [0x00000000036b9460, 0x00000000036b9570]

GC Heap History (10 events):
Event: 29.274 GC heap before
{Heap before GC invocations=12 (full 1):
 PSYoungGen      total 59904K, used 52736K [0x00000000eab00000, 0x00000000eec80000, 0x0000000100000000)
  eden space 52736K, 100% used [0x00000000eab00000,0x00000000ede80000,0x00000000ede80000)
  from space 7168K, 0% used [0x00000000ee580000,0x00000000ee580000,0x00000000eec80000)
  to   space 7168K, 0% used [0x00000000ede80000,0x00000000ede80000,0x00000000ee580000)
 ParOldGen       total 34816K, used 11493K [0x00000000c0000000, 0x00000000c2200000, 0x00000000eab00000)
  object space 34816K, 33% used [0x00000000c0000000,0x00000000c0b39668,0x00000000c2200000)
 Metaspace       used 24745K, capacity 25084K, committed 25344K, reserved 1071104K
  class space    used 3109K, capacity 3219K, committed 3328K, reserved 1048576K
Event: 29.296 GC heap after
Heap after GC invocations=12 (full 1):
 PSYoungGen      total 59904K, used 5272K [0x00000000eab00000, 0x00000000f0680000, 0x0000000100000000)
  eden space 52736K, 0% used [0x00000000eab00000,0x00000000eab00000,0x00000000ede80000)
  from space 7168K, 73% used [0x00000000ede80000,0x00000000ee3a60f8,0x00000000ee580000)
  to   space 7168K, 0% used [0x00000000eff80000,0x00000000eff80000,0x00000000f0680000)
 ParOldGen       total 34816K, used 11501K [0x00000000c0000000, 0x00000000c2200000, 0x00000000eab00000)
  object space 34816K, 33% used [0x00000000c0000000,0x00000000c0b3b668,0x00000000c2200000)
 Metaspace       used 24745K, capacity 25084K, committed 25344K, reserved 1071104K
  class space    used 3109K, capacity 3219K, committed 3328K, reserved 1048576K
}
Event: 31.733 GC heap before
{Heap before GC invocations=13 (full 1):
 PSYoungGen      total 59904K, used 57982K [0x00000000eab00000, 0x00000000f0680000, 0x0000000100000000)
  eden space 52736K, 99% used [0x00000000eab00000,0x00000000ede79a78,0x00000000ede80000)
  from space 7168K, 73% used [0x00000000ede80000,0x00000000ee3a60f8,0x00000000ee580000)
  to   space 7168K, 0% used [0x00000000eff80000,0x00000000eff80000,0x00000000f0680000)
 ParOldGen       total 34816K, used 11501K [0x00000000c0000000, 0x00000000c2200000, 0x00000000eab00000)
  object space 34816K, 33% used [0x00000000c0000000,0x00000000c0b3b668,0x00000000c2200000)
 Metaspace       used 27420K, capacity 27676K, committed 27904K, reserved 1073152K
  class space    used 3413K, capacity 3507K, committed 3584K, reserved 1048576K
Event: 31.750 GC heap after
Heap after GC invocations=13 (full 1):
 PSYoungGen      total 84480K, used 3836K [0x00000000eab00000, 0x00000000f0580000, 0x0000000100000000)
  eden space 78336K, 0% used [0x00000000eab00000,0x00000000eab00000,0x00000000ef780000)
  from space 6144K, 62% used [0x00000000eff80000,0x00000000f033f1c8,0x00000000f0580000)
  to   space 7168K, 0% used [0x00000000ef780000,0x00000000ef780000,0x00000000efe80000)
 ParOldGen       total 34816K, used 14001K [0x00000000c0000000, 0x00000000c2200000, 0x00000000eab00000)
  object space 34816K, 40% used [0x00000000c0000000,0x00000000c0dac6a8,0x00000000c2200000)
 Metaspace       used 27420K, capacity 27676K, committed 27904K, reserved 1073152K
  class space    used 3413K, capacity 3507K, committed 3584K, reserved 1048576K
}
Event: 34.129 GC heap before
{Heap before GC invocations=14 (full 1):
 PSYoungGen      total 84480K, used 82172K [0x00000000eab00000, 0x00000000f0580000, 0x0000000100000000)
  eden space 78336K, 100% used [0x00000000eab00000,0x00000000ef780000,0x00000000ef780000)
  from space 6144K, 62% used [0x00000000eff80000,0x00000000f033f1c8,0x00000000f0580000)
  to   space 7168K, 0% used [0x00000000ef780000,0x00000000ef780000,0x00000000efe80000)
 ParOldGen       total 34816K, used 14001K [0x00000000c0000000, 0x00000000c2200000, 0x00000000eab00000)
  object space 34816K, 40% used [0x00000000c0000000,0x00000000c0dac6a8,0x00000000c2200000)
 Metaspace       used 31203K, capacity 31520K, committed 31744K, reserved 1077248K
  class space    used 3959K, capacity 4057K, committed 4096K, reserved 1048576K
Event: 34.151 GC heap after
Heap after GC invocations=14 (full 1):
 PSYoungGen      total 85504K, used 5604K [0x00000000eab00000, 0x00000000f2980000, 0x0000000100000000)
  eden space 78336K, 0% used [0x00000000eab00000,0x00000000eab00000,0x00000000ef780000)
  from space 7168K, 78% used [0x00000000ef780000,0x00000000efcf90b0,0x00000000efe80000)
  to   space 7168K, 0% used [0x00000000f2280000,0x00000000f2280000,0x00000000f2980000)
 ParOldGen       total 34816K, used 15751K [0x00000000c0000000, 0x00000000c2200000, 0x00000000eab00000)
  object space 34816K, 45% used [0x00000000c0000000,0x00000000c0f61df0,0x00000000c2200000)
 Metaspace       used 31203K, capacity 31520K, committed 31744K, reserved 1077248K
  class space    used 3959K, capacity 4057K, committed 4096K, reserved 1048576K
}
Event: 36.416 GC heap before
{Heap before GC invocations=15 (full 1):
 PSYoungGen      total 85504K, used 30352K [0x00000000eab00000, 0x00000000f2980000, 0x0000000100000000)
  eden space 78336K, 31% used [0x00000000eab00000,0x00000000ec32b180,0x00000000ef780000)
  from space 7168K, 78% used [0x00000000ef780000,0x00000000efcf90b0,0x00000000efe80000)
  to   space 7168K, 0% used [0x00000000f2280000,0x00000000f2280000,0x00000000f2980000)
 ParOldGen       total 34816K, used 15751K [0x00000000c0000000, 0x00000000c2200000, 0x00000000eab00000)
  object space 34816K, 45% used [0x00000000c0000000,0x00000000c0f61df0,0x00000000c2200000)
 Metaspace       used 35011K, capacity 35308K, committed 35496K, reserved 1081344K
  class space    used 4427K, capacity 4507K, committed 4520K, reserved 1048576K
Event: 36.432 GC heap after
Heap after GC invocations=15 (full 1):
 PSYoungGen      total 120320K, used 3994K [0x00000000eab00000, 0x00000000f2880000, 0x0000000100000000)
  eden space 114176K, 0% used [0x00000000eab00000,0x00000000eab00000,0x00000000f1a80000)
  from space 6144K, 65% used [0x00000000f2280000,0x00000000f2666b58,0x00000000f2880000)
  to   space 7168K, 0% used [0x00000000f1a80000,0x00000000f1a80000,0x00000000f2180000)
 ParOldGen       total 34816K, used 18432K [0x00000000c0000000, 0x00000000c2200000, 0x00000000eab00000)
  object space 34816K, 52% used [0x00000000c0000000,0x00000000c1200108,0x00000000c2200000)
 Metaspace       used 35011K, capacity 35308K, committed 35496K, reserved 1081344K
  class space    used 4427K, capacity 4507K, committed 4520K, reserved 1048576K
}
Event: 36.432 GC heap before
{Heap before GC invocations=16 (full 2):
 PSYoungGen      total 120320K, used 3994K [0x00000000eab00000, 0x00000000f2880000, 0x0000000100000000)
  eden space 114176K, 0% used [0x00000000eab00000,0x00000000eab00000,0x00000000f1a80000)
  from space 6144K, 65% used [0x00000000f2280000,0x00000000f2666b58,0x00000000f2880000)
  to   space 7168K, 0% used [0x00000000f1a80000,0x00000000f1a80000,0x00000000f2180000)
 ParOldGen       total 34816K, used 18432K [0x00000000c0000000, 0x00000000c2200000, 0x00000000eab00000)
  object space 34816K, 52% used [0x00000000c0000000,0x00000000c1200108,0x00000000c2200000)
 Metaspace       used 35011K, capacity 35308K, committed 35496K, reserved 1081344K
  class space    used 4427K, capacity 4507K, committed 4520K, reserved 1048576K
Event: 36.699 GC heap after
Heap after GC invocations=16 (full 2):
 PSYoungGen      total 120320K, used 0K [0x00000000eab00000, 0x00000000f2880000, 0x0000000100000000)
  eden space 114176K, 0% used [0x00000000eab00000,0x00000000eab00000,0x00000000f1a80000)
  from space 6144K, 0% used [0x00000000f2280000,0x00000000f2280000,0x00000000f2880000)
  to   space 7168K, 0% used [0x00000000f1a80000,0x00000000f1a80000,0x00000000f2180000)
 ParOldGen       total 53248K, used 20437K [0x00000000c0000000, 0x00000000c3400000, 0x00000000eab00000)
  object space 53248K, 38% used [0x00000000c0000000,0x00000000c13f5568,0x00000000c3400000)
 Metaspace       used 35011K, capacity 35308K, committed 35496K, reserved 1081344K
  class space    used 4427K, capacity 4507K, committed 4520K, reserved 1048576K
}

Deoptimization events (10 events):
Event: 43.627 Thread 0x0000000002152000 Uncommon trap: reason=unhandled action=none pc=0x0000000002c1edfc method=java.net.URLClassLoader.findClass(Ljava/lang/String;)Ljava/lang/Class; @ 44
Event: 43.627 Thread 0x0000000002152000 Uncommon trap: reason=unhandled action=none pc=0x0000000002c1edfc method=java.net.URLClassLoader.findClass(Ljava/lang/String;)Ljava/lang/Class; @ 44
Event: 43.627 Thread 0x0000000002152000 Uncommon trap: reason=unhandled action=none pc=0x0000000002c1edfc method=java.net.URLClassLoader.findClass(Ljava/lang/String;)Ljava/lang/Class; @ 44
Event: 43.628 Thread 0x0000000002152000 Uncommon trap: reason=range_check action=none pc=0x0000000002b63fcc method=sun.reflect.generics.parser.SignatureParser.current()C @ 34
Event: 43.628 Thread 0x0000000002152000 Uncommon trap: reason=range_check action=none pc=0x0000000002b63fcc method=sun.reflect.generics.parser.SignatureParser.current()C @ 34
Event: 43.629 Thread 0x0000000002152000 Uncommon trap: reason=unhandled action=none pc=0x0000000002c1edfc method=java.net.URLClassLoader.findClass(Ljava/lang/String;)Ljava/lang/Class; @ 44
Event: 43.629 Thread 0x0000000002152000 Uncommon trap: reason=unhandled action=none pc=0x0000000002c1edfc method=java.net.URLClassLoader.findClass(Ljava/lang/String;)Ljava/lang/Class; @ 44
Event: 43.629 Thread 0x0000000002152000 Uncommon trap: reason=unhandled action=none pc=0x0000000002c1edfc method=java.net.URLClassLoader.findClass(Ljava/lang/String;)Ljava/lang/Class; @ 44
Event: 43.629 Thread 0x0000000002152000 Uncommon trap: reason=unhandled action=none pc=0x0000000002c1edfc method=java.net.URLClassLoader.findClass(Ljava/lang/String;)Ljava/lang/Class; @ 44
Event: 43.630 Thread 0x0000000002152000 Uncommon trap: reason=range_check action=none pc=0x0000000002b63fcc method=sun.reflect.generics.parser.SignatureParser.current()C @ 34

Internal exceptions (10 events):
Event: 43.602 Thread 0x0000000002152000 Exception <a 'java/lang/ArrayIndexOutOfBoundsException': 56> (0x00000000f147bc30) thrown at [C:\re\workspace\8-2-build-windows-amd64-cygwin\jdk8u144\9417\hotspot\src\share\vm\interpreter\interpreterRuntime.cpp, line 366]
Event: 43.604 Thread 0x0000000002152000 Exception <a 'java/lang/ClassNotFoundException': org/springframework/orm/jpa/support/OpenEntityManagerInViewInterceptorCustomizer> (0x00000000f14981a8) thrown at [C:\re\workspace\8-2-build-windows-amd64-cygwin\jdk8u144\9417\hotspot\src\share\vm\classfile\
Event: 43.608 Thread 0x0000000002152000 Exception <a 'java/lang/ClassNotFoundException': org/springframework/web/context/request/AsyncWebRequestInterceptorCustomizer> (0x00000000f14b50f0) thrown at [C:\re\workspace\8-2-build-windows-amd64-cygwin\jdk8u144\9417\hotspot\src\share\vm\classfile\syst
Event: 43.610 Thread 0x0000000002152000 Exception <a 'java/lang/ClassNotFoundException': org/springframework/beans/factory/BeanFactoryAwareCustomizer> (0x00000000f14c60b8) thrown at [C:\re\workspace\8-2-build-windows-amd64-cygwin\jdk8u144\9417\hotspot\src\share\vm\classfile\systemDictionary.cpp
Event: 43.626 Thread 0x0000000002152000 Exception <a 'java/lang/ClassNotFoundException': java/lang/ObjectCustomizer> (0x00000000f1512708) thrown at [C:\re\workspace\8-2-build-windows-amd64-cygwin\jdk8u144\9417\hotspot\src\share\vm\classfile\systemDictionary.cpp, line 210]
Event: 43.628 Thread 0x0000000002152000 Exception <a 'java/lang/ClassNotFoundException': org/springframework/web/servlet/resource/ResourceUrlProviderCustomizer> (0x00000000f1527e98) thrown at [C:\re\workspace\8-2-build-windows-amd64-cygwin\jdk8u144\9417\hotspot\src\share\vm\classfile\systemDict
Event: 43.628 Thread 0x0000000002152000 Exception <a 'java/lang/ArrayIndexOutOfBoundsException': 106> (0x00000000f152ce18) thrown at [C:\re\workspace\8-2-build-windows-amd64-cygwin\jdk8u144\9417\hotspot\src\share\vm\interpreter\interpreterRuntime.cpp, line 366]
Event: 43.628 Thread 0x0000000002152000 Exception <a 'java/lang/ArrayIndexOutOfBoundsException': 107> (0x00000000f152f0b8) thrown at [C:\re\workspace\8-2-build-windows-amd64-cygwin\jdk8u144\9417\hotspot\src\share\vm\interpreter\interpreterRuntime.cpp, line 366]
Event: 43.630 Thread 0x0000000002152000 Exception <a 'java/lang/ClassNotFoundException': org/springframework/context/ApplicationListenerCustomizer> (0x00000000f154dad8) thrown at [C:\re\workspace\8-2-build-windows-amd64-cygwin\jdk8u144\9417\hotspot\src\share\vm\classfile\systemDictionary.cpp, l
Event: 43.630 Thread 0x0000000002152000 Exception <a 'java/lang/ArrayIndexOutOfBoundsException': 6> (0x00000000f154e430) thrown at [C:\re\workspace\8-2-build-windows-amd64-cygwin\jdk8u144\9417\hotspot\src\share\vm\interpreter\interpreterRuntime.cpp, line 366]

Events (10 events):
Event: 43.630 Thread 0x0000000002152000 DEOPT UNPACKING pc=0x00000000029975bf sp=0x000000000267c940 mode 1
Event: 43.630 Thread 0x0000000002152000 DEOPT PACKING pc=0x0000000003697364 sp=0x000000000267cc80
Event: 43.630 Thread 0x0000000002152000 DEOPT UNPACKING pc=0x00000000029975bf sp=0x000000000267ca88 mode 1
Event: 43.630 loading class org/springframework/context/ApplicationListenerCustomizer
Event: 43.630 loading class org/springframework/context/ApplicationListenerCustomizer done
Event: 43.630 Thread 0x0000000002152000 DEOPT PACKING pc=0x00000000031f60d4 sp=0x000000000267ccc0
Event: 43.630 Thread 0x0000000002152000 DEOPT UNPACKING pc=0x00000000029975bf sp=0x000000000267ca18 mode 1
Event: 43.630 Thread 0x0000000002152000 Uncommon trap: trap_request=0xffffffe7 fr.pc=0x0000000002b63fcc
Event: 43.630 Thread 0x0000000002152000 DEOPT PACKING pc=0x0000000002b63fcc sp=0x000000000267c970
Event: 43.630 Thread 0x0000000002152000 DEOPT UNPACKING pc=0x000000000299556a sp=0x000000000267c900 mode 2


Dynamic libraries:
0x000000013ff60000 - 0x000000013ff97000 	C:\Program Files\Java\jre1.8.0_144\bin\javaw.exe
0x0000000077ab0000 - 0x0000000077c59000 	C:\Windows\SYSTEM32\ntdll.dll
0x0000000077890000 - 0x00000000779af000 	C:\Windows\system32\kernel32.dll
0x000007fefdb70000 - 0x000007fefdbdb000 	C:\Windows\system32\KERNELBASE.dll
0x000007feff490000 - 0x000007feff56b000 	C:\Windows\system32\ADVAPI32.dll
0x000007feff610000 - 0x000007feff6af000 	C:\Windows\system32\msvcrt.dll
0x000007feff2d0000 - 0x000007feff2ef000 	C:\Windows\SYSTEM32\sechost.dll
0x000007fefefd0000 - 0x000007feff0fd000 	C:\Windows\system32\RPCRT4.dll
0x00000000779b0000 - 0x0000000077aaa000 	C:\Windows\system32\USER32.dll
0x000007feff920000 - 0x000007feff987000 	C:\Windows\system32\GDI32.dll
0x000007feffdb0000 - 0x000007feffdbe000 	C:\Windows\system32\LPK.dll
0x000007feff200000 - 0x000007feff2c9000 	C:\Windows\system32\USP10.dll
0x000007fefc670000 - 0x000007fefc864000 	C:\Windows\WinSxS\amd64_microsoft.windows.common-controls_6595b64144ccf1df_6.0.7601.17514_none_fa396087175ac9ac\COMCTL32.dll
0x000007feff100000 - 0x000007feff171000 	C:\Windows\system32\SHLWAPI.dll
0x000007fefedc0000 - 0x000007fefedee000 	C:\Windows\system32\IMM32.DLL
0x000007feffac0000 - 0x000007feffbc9000 	C:\Windows\system32\MSCTF.dll
0x000000006ab20000 - 0x000000006abf2000 	C:\Program Files\Java\jre1.8.0_144\bin\msvcr100.dll
0x0000000068440000 - 0x0000000068cdd000 	C:\Program Files\Java\jre1.8.0_144\bin\server\jvm.dll
0x000007fef2cb0000 - 0x000007fef2cb9000 	C:\Windows\system32\WSOCK32.dll
0x000007feff8d0000 - 0x000007feff91d000 	C:\Windows\system32\WS2_32.dll
0x000007feff8c0000 - 0x000007feff8c8000 	C:\Windows\system32\NSI.dll
0x000007fefbb30000 - 0x000007fefbb6b000 	C:\Windows\system32\WINMM.dll
0x000007fefcb60000 - 0x000007fefcb6c000 	C:\Windows\system32\VERSION.dll
0x0000000077c70000 - 0x0000000077c77000 	C:\Windows\system32\PSAPI.DLL
0x00000000756f0000 - 0x00000000756ff000 	C:\Program Files\Java\jre1.8.0_144\bin\verify.dll
0x00000000756c0000 - 0x00000000756e9000 	C:\Program Files\Java\jre1.8.0_144\bin\java.dll
0x0000000074080000 - 0x00000000740b5000 	C:\Program Files\Java\jre1.8.0_144\bin\jdwp.dll
0x0000000075690000 - 0x0000000075698000 	C:\Program Files\Java\jre1.8.0_144\bin\npt.dll
0x00000000756a0000 - 0x00000000756b6000 	C:\Program Files\Java\jre1.8.0_144\bin\zip.dll
0x000007fefe030000 - 0x000007fefedb8000 	C:\Windows\system32\SHELL32.dll
0x000007feff6b0000 - 0x000007feff8b3000 	C:\Windows\system32\ole32.dll
0x000007fefda00000 - 0x000007fefda0f000 	C:\Windows\system32\profapi.dll
0x0000000074980000 - 0x0000000074989000 	C:\Program Files\Java\jre1.8.0_144\bin\dt_socket.dll
0x000007fefb900000 - 0x000007fefb915000 	C:\Windows\system32\NLAapi.dll
0x000007fef6a60000 - 0x000007fef6a75000 	C:\Windows\system32\napinsp.dll
0x000007fef6a40000 - 0x000007fef6a59000 	C:\Windows\system32\pnrpnsp.dll
0x000007fefd1f0000 - 0x000007fefd245000 	C:\Windows\System32\mswsock.dll
0x000007fefd070000 - 0x000007fefd0cb000 	C:\Windows\system32\DNSAPI.dll
0x000007fef6a30000 - 0x000007fef6a3b000 	C:\Windows\System32\winrnr.dll
0x000007fefb3e0000 - 0x000007fefb407000 	C:\Windows\system32\IPHLPAPI.DLL
0x000007fefb310000 - 0x000007fefb31b000 	C:\Windows\system32\WINNSI.DLL
0x000007fefb1c0000 - 0x000007fefb213000 	C:\Windows\System32\fwpuclnt.dll
0x000007fef6700000 - 0x000007fef6708000 	C:\Windows\system32\rasadhlp.dll
0x000007fefcc30000 - 0x000007fefcc37000 	C:\Windows\System32\wshtcpip.dll
0x0000000075700000 - 0x000000007570d000 	C:\Program Files\Java\jre1.8.0_144\bin\management.dll
0x0000000074380000 - 0x000000007439a000 	C:\Program Files\Java\jre1.8.0_144\bin\net.dll
0x000007fefd1e0000 - 0x000007fefd1e7000 	C:\Windows\System32\wship6.dll
0x0000000074360000 - 0x0000000074371000 	C:\Program Files\Java\jre1.8.0_144\bin\nio.dll
0x000007fefd290000 - 0x000007fefd2a7000 	C:\Windows\system32\CRYPTSP.dll
0x000007fefcf50000 - 0x000007fefcf97000 	C:\Windows\system32\rsaenh.dll
0x000007fefcd40000 - 0x000007fefcd5e000 	C:\Windows\system32\USERENV.dll
0x000007fefd8f0000 - 0x000007fefd8ff000 	C:\Windows\system32\CRYPTBASE.dll
0x000007fefb190000 - 0x000007fefb1a1000 	C:\Windows\system32\dhcpcsvc6.DLL
0x000007fefb170000 - 0x000007fefb188000 	C:\Windows\system32\dhcpcsvc.DLL

VM Arguments:
jvm_args: -agentlib:jdwp=transport=dt_socket,suspend=y,address=localhost:57383 -Dfile.encoding=UTF-8 
java_command: io.springbootstarter.CourseStart
java_class_path (initial): C:\Users\Admin\eclipse-workspace\springapplication\target\classes;C:\Users\Admin\.m2\repository\org\springframework\boot\spring-boot-starter-web\1.4.2.RELEASE\spring-boot-starter-web-1.4.2.RELEASE.jar;C:\Users\Admin\.m2\repository\org\springframework\boot\spring-boot-starter\1.4.2.RELEASE\spring-boot-starter-1.4.2.RELEASE.jar;C:\Users\Admin\.m2\repository\org\springframework\boot\spring-boot\1.4.2.RELEASE\spring-boot-1.4.2.RELEASE.jar;C:\Users\Admin\.m2\repository\org\springframework\boot\spring-boot-autoconfigure\1.4.2.RELEASE\spring-boot-autoconfigure-1.4.2.RELEASE.jar;C:\Users\Admin\.m2\repository\org\springframework\boot\spring-boot-starter-logging\1.4.2.RELEASE\spring-boot-starter-logging-1.4.2.RELEASE.jar;C:\Users\Admin\.m2\repository\ch\qos\logback\logback-classic\1.1.7\logback-classic-1.1.7.jar;C:\Users\Admin\.m2\repository\ch\qos\logback\logback-core\1.1.7\logback-core-1.1.7.jar;C:\Users\Admin\.m2\repository\org\slf4j\jul-to-slf4j\1.7.21\jul-to-slf4j-1.7.21.jar;C:\Users\Admin\.m2\repository\org\slf4j\log4j-over-slf4j\1.7.21\log4j-over-slf4j-1.7.21.jar;C:\Users\Admin\.m2\repository\org\springframework\spring-core\4.3.4.RELEASE\spring-core-4.3.4.RELEASE.jar;C:\Users\Admin\.m2\repository\org\yaml\snakeyaml\1.17\snakeyaml-1.17.jar;C:\Users\Admin\.m2\repository\org\springframework\boot\spring-boot-starter-tomcat\1.4.2.RELEASE\spring-boot-starter-tomcat-1.4.2.RELEASE.jar;C:\Users\Admin\.m2\repository\org\apache\tomcat\embed\tomcat-embed-core\8.5.6\tomcat-embed-core-8.5.6.jar;C:\Users\Admin\.m2\repository\org\apache\tomcat\embed\tomcat-embed-el\8.5.6\tomcat-embed-el-8.5.6.jar;C:\Users\Admin\.m2\repository\org\apache\tomcat\embed\tomcat-embed-websocket\8.5.6\tomcat-embed-websocket-8.5.6.jar;C:\Users\Admin\.m2\repository\org\hibernate\hibernate-validator\5.2.4.Final\hibernate-validator-5.2.4.Final.jar;C:\Users\Admin\.m2\repository\javax\validation\validation-api\1.1.0.Final\validation-api-1.1.0.Final.jar;C:\Users\Admin\.m2\repository\org
Launcher Type: SUN_STANDARD

Environment Variables:
PATH=C:/Program Files/Java/jre1.8.0_144/bin/server;C:/Program Files/Java/jre1.8.0_144/bin;C:/Program Files/Java/jre1.8.0_144/lib/amd64;C:\ProgramData\Oracle\Java\javapath;C:\Windows\system32;C:\Windows;C:\Windows\System32\Wbem;C:\Windows\System32\WindowsPowerShell\v1.0\;C:\Program Files\Git\cmd;C:\Program Files (x86)\MySQL\MySQL Fabric 1.5 & MySQL Utilities 1.5\;C:\Program Files (x86)\MySQL\MySQL Fabric 1.5 & MySQL Utilities 1.5\Doctrine extensions for PHP\;C:\Program Files\nodejs\;C:\Program Files\Microsoft VS Code\bin;C:\Users\Admin\AppData\Roaming\npm;C:\Eclipse\eclipse-java-oxygen-R-win32-x86_64\eclipse;
USERNAME=Admin
OS=Windows_NT
PROCESSOR_IDENTIFIER=Intel64 Family 6 Model 63 Stepping 2, GenuineIntel



---------------  S Y S T E M  ---------------

OS: Windows 7 , 64 bit Build 7601 (6.1.7601.17514)

CPU:total 2 (initial active 2) (2 cores per cpu, 1 threads per core) family 6 model 63 stepping 2, cmov, cx8, fxsr, mmx, sse, sse2, sse3, ssse3, sse4.1, sse4.2, popcnt, avx, avx2, aes, clmul, erms, lzcnt, tsc, bmi1, bmi2

Memory: 4k page, physical 4193848k(219916k free), swap 16773548k(5232k free)

vm_info: Java HotSpot(TM) 64-Bit Server VM (25.144-b01) for windows-amd64 JRE (1.8.0_144-b01), built on Jul 21 2017 21:57:33 by "java_re" with MS VC++ 10.0 (VS2010)

time: Wed Apr 10 19:26:00 2019
elapsed time: 45 seconds (0d 0h 0m 45s)

